{"C:\\Users\\RC_Student_lab\\Desktop\\kubadu\\public_html\\js\\auth.js": {"path":"C:\\Users\\RC_Student_lab\\Desktop\\kubadu\\public_html\\js\\auth.js","statementMap":{"0":{"start":{"line":4,"column":20},"end":{"line":35,"column":1}},"1":{"start":{"line":6,"column":21},"end":{"line":6,"column":30}},"2":{"start":{"line":7,"column":8},"end":{"line":12,"column":9}},"3":{"start":{"line":8,"column":35},"end":{"line":8,"column":90}},"4":{"start":{"line":9,"column":12},"end":{"line":9,"column":64}},"5":{"start":{"line":11,"column":12},"end":{"line":11,"column":60}},"6":{"start":{"line":16,"column":21},"end":{"line":16,"column":30}},"7":{"start":{"line":17,"column":8},"end":{"line":23,"column":9}},"8":{"start":{"line":18,"column":35},"end":{"line":18,"column":94}},"9":{"start":{"line":20,"column":12},"end":{"line":20,"column":64}},"10":{"start":{"line":22,"column":12},"end":{"line":22,"column":60}},"11":{"start":{"line":27,"column":21},"end":{"line":27,"column":30}},"12":{"start":{"line":28,"column":8},"end":{"line":33,"column":9}},"13":{"start":{"line":29,"column":12},"end":{"line":29,"column":54}},"14":{"start":{"line":30,"column":12},"end":{"line":30,"column":37}},"15":{"start":{"line":32,"column":12},"end":{"line":32,"column":60}}},"fnMap":{"0":{"name":"(anonymous_0)","decl":{"start":{"line":5,"column":4},"end":{"line":5,"column":5}},"loc":{"start":{"line":5,"column":33},"end":{"line":13,"column":5}},"line":5},"1":{"name":"(anonymous_1)","decl":{"start":{"line":15,"column":4},"end":{"line":15,"column":5}},"loc":{"start":{"line":15,"column":46},"end":{"line":24,"column":5}},"line":15},"2":{"name":"(anonymous_2)","decl":{"start":{"line":26,"column":4},"end":{"line":26,"column":5}},"loc":{"start":{"line":26,"column":31},"end":{"line":34,"column":5}},"line":26}},"branchMap":{},"s":{"0":3,"1":4,"2":4,"3":4,"4":2,"5":2,"6":4,"7":4,"8":4,"9":2,"10":2,"11":2,"12":2,"13":2,"14":1,"15":1},"f":{"0":4,"1":4,"2":2},"b":{},"_coverageSchema":"1a1c01bbd47fc00a2c39e90264f33305004495a9","hash":"68b4d1cf05536cd22ee99be20838263333d3571f"}
,"C:\\Users\\RC_Student_lab\\Desktop\\kubadu\\public_html\\js\\domHandlers.js": {"path":"C:\\Users\\RC_Student_lab\\Desktop\\kubadu\\public_html\\js\\domHandlers.js","statementMap":{"0":{"start":{"line":7,"column":4},"end":{"line":12,"column":28}},"1":{"start":{"line":17,"column":17},"end":{"line":17,"column":53}},"2":{"start":{"line":18,"column":23},"end":{"line":18,"column":55}},"3":{"start":{"line":19,"column":26},"end":{"line":19,"column":61}},"4":{"start":{"line":20,"column":21},"end":{"line":20,"column":58}},"5":{"start":{"line":22,"column":4},"end":{"line":28,"column":7}},"6":{"start":{"line":23,"column":8},"end":{"line":27,"column":9}},"7":{"start":{"line":24,"column":12},"end":{"line":24,"column":64}},"8":{"start":{"line":26,"column":12},"end":{"line":26,"column":38}},"9":{"start":{"line":30,"column":4},"end":{"line":36,"column":7}},"10":{"start":{"line":31,"column":8},"end":{"line":35,"column":9}},"11":{"start":{"line":32,"column":12},"end":{"line":32,"column":58}},"12":{"start":{"line":34,"column":12},"end":{"line":34,"column":38}},"13":{"start":{"line":41,"column":17},"end":{"line":41,"column":58}},"14":{"start":{"line":42,"column":24},"end":{"line":42,"column":61}},"15":{"start":{"line":43,"column":22},"end":{"line":43,"column":57}},"16":{"start":{"line":44,"column":24},"end":{"line":44,"column":64}},"17":{"start":{"line":45,"column":30},"end":{"line":45,"column":71}},"18":{"start":{"line":46,"column":27},"end":{"line":46,"column":65}},"19":{"start":{"line":47,"column":21},"end":{"line":47,"column":57}},"20":{"start":{"line":49,"column":4},"end":{"line":64,"column":7}},"21":{"start":{"line":50,"column":8},"end":{"line":50,"column":27}},"22":{"start":{"line":51,"column":23},"end":{"line":51,"column":52}},"23":{"start":{"line":52,"column":21},"end":{"line":52,"column":46}},"24":{"start":{"line":53,"column":23},"end":{"line":53,"column":52}},"25":{"start":{"line":55,"column":31},"end":{"line":55,"column":68}},"26":{"start":{"line":57,"column":8},"end":{"line":60,"column":9}},"27":{"start":{"line":58,"column":12},"end":{"line":58,"column":83}},"28":{"start":{"line":59,"column":12},"end":{"line":59,"column":19}},"29":{"start":{"line":62,"column":8},"end":{"line":62,"column":71}},"30":{"start":{"line":63,"column":8},"end":{"line":63,"column":75}},"31":{"start":{"line":68,"column":24},"end":{"line":68,"column":33}},"32":{"start":{"line":69,"column":4},"end":{"line":70,"column":51}},"33":{"start":{"line":75,"column":17},"end":{"line":75,"column":55}},"34":{"start":{"line":76,"column":20},"end":{"line":76,"column":55}},"35":{"start":{"line":77,"column":23},"end":{"line":77,"column":55}},"36":{"start":{"line":78,"column":21},"end":{"line":78,"column":60}},"37":{"start":{"line":80,"column":4},"end":{"line":86,"column":7}},"38":{"start":{"line":81,"column":8},"end":{"line":85,"column":9}},"39":{"start":{"line":82,"column":12},"end":{"line":82,"column":91}},"40":{"start":{"line":84,"column":12},"end":{"line":84,"column":38}},"41":{"start":{"line":88,"column":4},"end":{"line":94,"column":7}},"42":{"start":{"line":89,"column":8},"end":{"line":93,"column":9}},"43":{"start":{"line":90,"column":12},"end":{"line":90,"column":71}},"44":{"start":{"line":92,"column":12},"end":{"line":92,"column":38}},"45":{"start":{"line":99,"column":17},"end":{"line":99,"column":55}},"46":{"start":{"line":100,"column":25},"end":{"line":100,"column":64}},"47":{"start":{"line":101,"column":24},"end":{"line":101,"column":62}},"48":{"start":{"line":103,"column":4},"end":{"line":112,"column":7}},"49":{"start":{"line":104,"column":8},"end":{"line":104,"column":27}},"50":{"start":{"line":105,"column":8},"end":{"line":111,"column":9}},"51":{"start":{"line":106,"column":31},"end":{"line":106,"column":60}},"52":{"start":{"line":107,"column":12},"end":{"line":107,"column":45}},"53":{"start":{"line":108,"column":12},"end":{"line":108,"column":56}},"54":{"start":{"line":109,"column":12},"end":{"line":109,"column":48}},"55":{"start":{"line":110,"column":12},"end":{"line":110,"column":36}}},"fnMap":{"0":{"name":"formatCurrency","decl":{"start":{"line":6,"column":9},"end":{"line":6,"column":23}},"loc":{"start":{"line":6,"column":32},"end":{"line":13,"column":1}},"line":6},"1":{"name":"validateLoginForm","decl":{"start":{"line":16,"column":16},"end":{"line":16,"column":33}},"loc":{"start":{"line":16,"column":36},"end":{"line":37,"column":1}},"line":16},"2":{"name":"(anonymous_2)","decl":{"start":{"line":22,"column":41},"end":{"line":22,"column":42}},"loc":{"start":{"line":22,"column":47},"end":{"line":28,"column":5}},"line":22},"3":{"name":"(anonymous_3)","decl":{"start":{"line":30,"column":44},"end":{"line":30,"column":45}},"loc":{"start":{"line":30,"column":50},"end":{"line":36,"column":5}},"line":30},"4":{"name":"initLoanCalculator","decl":{"start":{"line":40,"column":16},"end":{"line":40,"column":34}},"loc":{"start":{"line":40,"column":37},"end":{"line":65,"column":1}},"line":40},"5":{"name":"(anonymous_5)","decl":{"start":{"line":49,"column":36},"end":{"line":49,"column":37}},"loc":{"start":{"line":49,"column":43},"end":{"line":64,"column":5}},"line":49},"6":{"name":"calculateMonthlyPayment","decl":{"start":{"line":67,"column":9},"end":{"line":67,"column":32}},"loc":{"start":{"line":67,"column":65},"end":{"line":71,"column":1}},"line":67},"7":{"name":"validateProfile","decl":{"start":{"line":74,"column":16},"end":{"line":74,"column":31}},"loc":{"start":{"line":74,"column":34},"end":{"line":95,"column":1}},"line":74},"8":{"name":"(anonymous_8)","decl":{"start":{"line":80,"column":38},"end":{"line":80,"column":39}},"loc":{"start":{"line":80,"column":44},"end":{"line":86,"column":5}},"line":80},"9":{"name":"(anonymous_9)","decl":{"start":{"line":88,"column":41},"end":{"line":88,"column":42}},"loc":{"start":{"line":88,"column":47},"end":{"line":94,"column":5}},"line":88},"10":{"name":"initChat","decl":{"start":{"line":98,"column":16},"end":{"line":98,"column":24}},"loc":{"start":{"line":98,"column":27},"end":{"line":113,"column":1}},"line":98},"11":{"name":"(anonymous_11)","decl":{"start":{"line":103,"column":36},"end":{"line":103,"column":37}},"loc":{"start":{"line":103,"column":43},"end":{"line":112,"column":5}},"line":103}},"branchMap":{"0":{"loc":{"start":{"line":23,"column":8},"end":{"line":27,"column":9}},"type":"if","locations":[{"start":{"line":23,"column":8},"end":{"line":27,"column":9}},{"start":{"line":25,"column":15},"end":{"line":27,"column":9}}],"line":23},"1":{"loc":{"start":{"line":31,"column":8},"end":{"line":35,"column":9}},"type":"if","locations":[{"start":{"line":31,"column":8},"end":{"line":35,"column":9}},{"start":{"line":33,"column":15},"end":{"line":35,"column":9}}],"line":31},"2":{"loc":{"start":{"line":57,"column":8},"end":{"line":60,"column":9}},"type":"if","locations":[{"start":{"line":57,"column":8},"end":{"line":60,"column":9}},{"start":{},"end":{}}],"line":57},"3":{"loc":{"start":{"line":67,"column":52},"end":{"line":67,"column":63}},"type":"default-arg","locations":[{"start":{"line":67,"column":59},"end":{"line":67,"column":63}}],"line":67},"4":{"loc":{"start":{"line":81,"column":8},"end":{"line":85,"column":9}},"type":"if","locations":[{"start":{"line":81,"column":8},"end":{"line":85,"column":9}},{"start":{"line":83,"column":15},"end":{"line":85,"column":9}}],"line":81},"5":{"loc":{"start":{"line":89,"column":8},"end":{"line":93,"column":9}},"type":"if","locations":[{"start":{"line":89,"column":8},"end":{"line":93,"column":9}},{"start":{"line":91,"column":15},"end":{"line":93,"column":9}}],"line":89},"6":{"loc":{"start":{"line":105,"column":8},"end":{"line":111,"column":9}},"type":"if","locations":[{"start":{"line":105,"column":8},"end":{"line":111,"column":9}},{"start":{},"end":{}}],"line":105}},"s":{"0":2,"1":2,"2":2,"3":2,"4":2,"5":2,"6":1,"7":1,"8":0,"9":2,"10":1,"11":1,"12":0,"13":2,"14":2,"15":2,"16":2,"17":2,"18":2,"19":2,"20":2,"21":2,"22":2,"23":2,"24":2,"25":2,"26":2,"27":1,"28":1,"29":1,"30":1,"31":2,"32":2,"33":2,"34":2,"35":2,"36":2,"37":2,"38":2,"39":1,"40":1,"41":2,"42":2,"43":1,"44":1,"45":2,"46":2,"47":2,"48":2,"49":2,"50":2,"51":1,"52":1,"53":1,"54":1,"55":1},"f":{"0":2,"1":2,"2":1,"3":1,"4":2,"5":2,"6":2,"7":2,"8":2,"9":2,"10":2,"11":2},"b":{"0":[1,0],"1":[1,0],"2":[1,1],"3":[2],"4":[1,1],"5":[1,1],"6":[1,1]},"_coverageSchema":"1a1c01bbd47fc00a2c39e90264f33305004495a9","hash":"a9b69841a47863124056ad6a036eeb2f1bc25e2d"}
,"C:\\Users\\RC_Student_lab\\Desktop\\kubadu\\public_html\\js\\forms.js": {"path":"C:\\Users\\RC_Student_lab\\Desktop\\kubadu\\public_html\\js\\forms.js","statementMap":{"0":{"start":{"line":2,"column":21},"end":{"line":36,"column":1}},"1":{"start":{"line":4,"column":19},"end":{"line":4,"column":47}},"2":{"start":{"line":5,"column":8},"end":{"line":5,"column":52}},"3":{"start":{"line":10,"column":19},"end":{"line":10,"column":67}},"4":{"start":{"line":11,"column":8},"end":{"line":11,"column":33}},"5":{"start":{"line":16,"column":8},"end":{"line":16,"column":35}},"6":{"start":{"line":20,"column":8},"end":{"line":24,"column":9}},"7":{"start":{"line":21,"column":12},"end":{"line":23,"column":13}},"8":{"start":{"line":22,"column":16},"end":{"line":22,"column":71}},"9":{"start":{"line":25,"column":8},"end":{"line":25,"column":33}},"10":{"start":{"line":29,"column":25},"end":{"line":29,"column":43}},"11":{"start":{"line":30,"column":21},"end":{"line":30,"column":23}},"12":{"start":{"line":31,"column":8},"end":{"line":33,"column":9}},"13":{"start":{"line":32,"column":12},"end":{"line":32,"column":30}},"14":{"start":{"line":34,"column":8},"end":{"line":34,"column":20}}},"fnMap":{"0":{"name":"(anonymous_0)","decl":{"start":{"line":3,"column":4},"end":{"line":3,"column":5}},"loc":{"start":{"line":3,"column":25},"end":{"line":6,"column":5}},"line":3},"1":{"name":"(anonymous_1)","decl":{"start":{"line":8,"column":4},"end":{"line":8,"column":5}},"loc":{"start":{"line":8,"column":31},"end":{"line":12,"column":5}},"line":8},"2":{"name":"(anonymous_2)","decl":{"start":{"line":14,"column":4},"end":{"line":14,"column":5}},"loc":{"start":{"line":14,"column":25},"end":{"line":17,"column":5}},"line":14},"3":{"name":"(anonymous_3)","decl":{"start":{"line":19,"column":4},"end":{"line":19,"column":5}},"loc":{"start":{"line":19,"column":37},"end":{"line":26,"column":5}},"line":19},"4":{"name":"(anonymous_4)","decl":{"start":{"line":28,"column":4},"end":{"line":28,"column":5}},"loc":{"start":{"line":28,"column":22},"end":{"line":35,"column":5}},"line":28}},"branchMap":{"0":{"loc":{"start":{"line":21,"column":12},"end":{"line":23,"column":13}},"type":"if","locations":[{"start":{"line":21,"column":12},"end":{"line":23,"column":13}},{"start":{},"end":{}}],"line":21}},"s":{"0":1,"1":7,"2":7,"3":6,"4":6,"5":5,"6":2,"7":3,"8":1,"9":1,"10":1,"11":1,"12":1,"13":2,"14":1},"f":{"0":7,"1":6,"2":5,"3":2,"4":1},"b":{"0":[1,2]},"_coverageSchema":"1a1c01bbd47fc00a2c39e90264f33305004495a9","hash":"49462c3b42b3f5738c81d114bdc430fe72d7a7fe"}
,"C:\\Users\\RC_Student_lab\\Desktop\\kubadu\\public_html\\js\\loans.js": {"path":"C:\\Users\\RC_Student_lab\\Desktop\\kubadu\\public_html\\js\\loans.js","statementMap":{"0":{"start":{"line":2,"column":21},"end":{"line":78,"column":1}},"1":{"start":{"line":5,"column":8},"end":{"line":7,"column":9}},"2":{"start":{"line":6,"column":12},"end":{"line":6,"column":51}},"3":{"start":{"line":8,"column":8},"end":{"line":10,"column":9}},"4":{"start":{"line":9,"column":12},"end":{"line":9,"column":49}},"5":{"start":{"line":11,"column":8},"end":{"line":13,"column":9}},"6":{"start":{"line":12,"column":12},"end":{"line":12,"column":53}},"7":{"start":{"line":15,"column":28},"end":{"line":15,"column":51}},"8":{"start":{"line":16,"column":31},"end":{"line":17,"column":68}},"9":{"start":{"line":18,"column":8},"end":{"line":21,"column":10}},"10":{"start":{"line":25,"column":23},"end":{"line":25,"column":25}},"11":{"start":{"line":28,"column":8},"end":{"line":30,"column":9}},"12":{"start":{"line":29,"column":12},"end":{"line":29,"column":47}},"13":{"start":{"line":33,"column":8},"end":{"line":35,"column":9}},"14":{"start":{"line":34,"column":12},"end":{"line":34,"column":69}},"15":{"start":{"line":38,"column":8},"end":{"line":40,"column":9}},"16":{"start":{"line":39,"column":12},"end":{"line":39,"column":50}},"17":{"start":{"line":43,"column":8},"end":{"line":48,"column":9}},"18":{"start":{"line":44,"column":39},"end":{"line":44,"column":91}},"19":{"start":{"line":45,"column":12},"end":{"line":47,"column":13}},"20":{"start":{"line":46,"column":16},"end":{"line":46,"column":77}},"21":{"start":{"line":50,"column":8},"end":{"line":53,"column":10}},"22":{"start":{"line":57,"column":8},"end":{"line":60,"column":26}},"23":{"start":{"line":64,"column":22},"end":{"line":64,"column":32}},"24":{"start":{"line":65,"column":24},"end":{"line":65,"column":46}},"25":{"start":{"line":67,"column":8},"end":{"line":69,"column":9}},"26":{"start":{"line":68,"column":12},"end":{"line":68,"column":26}},"27":{"start":{"line":71,"column":8},"end":{"line":74,"column":9}},"28":{"start":{"line":72,"column":29},"end":{"line":72,"column":82}},"29":{"start":{"line":73,"column":12},"end":{"line":73,"column":48}},"30":{"start":{"line":76,"column":8},"end":{"line":76,"column":24}}},"fnMap":{"0":{"name":"(anonymous_0)","decl":{"start":{"line":3,"column":4},"end":{"line":3,"column":5}},"loc":{"start":{"line":3,"column":57},"end":{"line":22,"column":5}},"line":3},"1":{"name":"(anonymous_1)","decl":{"start":{"line":24,"column":4},"end":{"line":24,"column":5}},"loc":{"start":{"line":24,"column":34},"end":{"line":54,"column":5}},"line":24},"2":{"name":"(anonymous_2)","decl":{"start":{"line":56,"column":4},"end":{"line":56,"column":5}},"loc":{"start":{"line":56,"column":27},"end":{"line":61,"column":5}},"line":56},"3":{"name":"(anonymous_3)","decl":{"start":{"line":63,"column":4},"end":{"line":63,"column":5}},"loc":{"start":{"line":63,"column":24},"end":{"line":77,"column":5}},"line":63}},"branchMap":{"0":{"loc":{"start":{"line":5,"column":8},"end":{"line":7,"column":9}},"type":"if","locations":[{"start":{"line":5,"column":8},"end":{"line":7,"column":9}},{"start":{},"end":{}}],"line":5},"1":{"loc":{"start":{"line":8,"column":8},"end":{"line":10,"column":9}},"type":"if","locations":[{"start":{"line":8,"column":8},"end":{"line":10,"column":9}},{"start":{},"end":{}}],"line":8},"2":{"loc":{"start":{"line":11,"column":8},"end":{"line":13,"column":9}},"type":"if","locations":[{"start":{"line":11,"column":8},"end":{"line":13,"column":9}},{"start":{},"end":{}}],"line":11},"3":{"loc":{"start":{"line":28,"column":8},"end":{"line":30,"column":9}},"type":"if","locations":[{"start":{"line":28,"column":8},"end":{"line":30,"column":9}},{"start":{},"end":{}}],"line":28},"4":{"loc":{"start":{"line":28,"column":12},"end":{"line":28,"column":44}},"type":"binary-expr","locations":[{"start":{"line":28,"column":12},"end":{"line":28,"column":24}},{"start":{"line":28,"column":28},"end":{"line":28,"column":44}}],"line":28},"5":{"loc":{"start":{"line":33,"column":8},"end":{"line":35,"column":9}},"type":"if","locations":[{"start":{"line":33,"column":8},"end":{"line":35,"column":9}},{"start":{},"end":{}}],"line":33},"6":{"loc":{"start":{"line":33,"column":12},"end":{"line":33,"column":57}},"type":"binary-expr","locations":[{"start":{"line":33,"column":12},"end":{"line":33,"column":22}},{"start":{"line":33,"column":26},"end":{"line":33,"column":39}},{"start":{"line":33,"column":43},"end":{"line":33,"column":57}}],"line":33},"7":{"loc":{"start":{"line":38,"column":8},"end":{"line":40,"column":9}},"type":"if","locations":[{"start":{"line":38,"column":8},"end":{"line":40,"column":9}},{"start":{},"end":{}}],"line":38},"8":{"loc":{"start":{"line":38,"column":12},"end":{"line":38,"column":58}},"type":"binary-expr","locations":[{"start":{"line":38,"column":12},"end":{"line":38,"column":31}},{"start":{"line":38,"column":35},"end":{"line":38,"column":58}}],"line":38},"9":{"loc":{"start":{"line":43,"column":8},"end":{"line":48,"column":9}},"type":"if","locations":[{"start":{"line":43,"column":8},"end":{"line":48,"column":9}},{"start":{},"end":{}}],"line":43},"10":{"loc":{"start":{"line":43,"column":12},"end":{"line":43,"column":45}},"type":"binary-expr","locations":[{"start":{"line":43,"column":12},"end":{"line":43,"column":30}},{"start":{"line":43,"column":34},"end":{"line":43,"column":45}}],"line":43},"11":{"loc":{"start":{"line":45,"column":12},"end":{"line":47,"column":13}},"type":"if","locations":[{"start":{"line":45,"column":12},"end":{"line":47,"column":13}},{"start":{},"end":{}}],"line":45},"12":{"loc":{"start":{"line":67,"column":8},"end":{"line":69,"column":9}},"type":"if","locations":[{"start":{"line":67,"column":8},"end":{"line":69,"column":9}},{"start":{},"end":{}}],"line":67},"13":{"loc":{"start":{"line":71,"column":8},"end":{"line":74,"column":9}},"type":"if","locations":[{"start":{"line":71,"column":8},"end":{"line":74,"column":9}},{"start":{},"end":{}}],"line":71}},"s":{"0":1,"1":10,"2":1,"3":9,"4":1,"5":8,"6":1,"7":7,"8":7,"9":7,"10":6,"11":6,"12":0,"13":6,"14":1,"15":6,"16":0,"17":6,"18":6,"19":6,"20":2,"21":6,"22":3,"23":3,"24":3,"25":3,"26":1,"27":2,"28":1,"29":1,"30":1},"f":{"0":10,"1":6,"2":3,"3":3},"b":{"0":[1,9],"1":[1,8],"2":[1,7],"3":[0,6],"4":[6,6],"5":[1,5],"6":[6,6,6],"7":[0,6],"8":[6,6],"9":[6,0],"10":[6,6],"11":[2,4],"12":[1,2],"13":[1,1]},"_coverageSchema":"1a1c01bbd47fc00a2c39e90264f33305004495a9","hash":"07e291d9de6218659101c0dfc911c0f250795fba"}
}
