{"C:\\Users\\RC_Student_lab\\Desktop\\Kubadu Admin\\public_html\\js\\manageClaims.js": {"path":"C:\\Users\\RC_Student_lab\\Desktop\\Kubadu Admin\\public_html\\js\\manageClaims.js","statementMap":{"0":{"start":{"line":6,"column":23},"end":{"line":8,"column":1}},"1":{"start":{"line":10,"column":12},"end":{"line":10,"column":41}},"2":{"start":{"line":11,"column":11},"end":{"line":11,"column":28}},"3":{"start":{"line":15,"column":23},"end":{"line":15,"column":67}},"4":{"start":{"line":16,"column":4},"end":{"line":16,"column":30}},"5":{"start":{"line":18,"column":4},"end":{"line":32,"column":5}},"6":{"start":{"line":19,"column":26},"end":{"line":19,"column":50}},"7":{"start":{"line":20,"column":18},"end":{"line":20,"column":69}},"8":{"start":{"line":21,"column":30},"end":{"line":21,"column":46}},"9":{"start":{"line":23,"column":8},"end":{"line":28,"column":11}},"10":{"start":{"line":24,"column":26},"end":{"line":24,"column":36}},"11":{"start":{"line":26,"column":33},"end":{"line":26,"column":66}},"12":{"start":{"line":27,"column":12},"end":{"line":27,"column":49}},"13":{"start":{"line":30,"column":8},"end":{"line":30,"column":54}},"14":{"start":{"line":31,"column":8},"end":{"line":31,"column":57}},"15":{"start":{"line":36,"column":4},"end":{"line":49,"column":5}},"16":{"start":{"line":37,"column":25},"end":{"line":37,"column":65}},"17":{"start":{"line":39,"column":8},"end":{"line":45,"column":9}},"18":{"start":{"line":40,"column":26},"end":{"line":40,"column":41}},"19":{"start":{"line":42,"column":26},"end":{"line":42,"column":91}},"20":{"start":{"line":43,"column":12},"end":{"line":43,"column":95}},"21":{"start":{"line":44,"column":12},"end":{"line":44,"column":25}},"22":{"start":{"line":47,"column":8},"end":{"line":47,"column":61}},"23":{"start":{"line":48,"column":8},"end":{"line":48,"column":64}},"24":{"start":{"line":53,"column":4},"end":{"line":78,"column":5}},"25":{"start":{"line":54,"column":25},"end":{"line":54,"column":51}},"26":{"start":{"line":55,"column":26},"end":{"line":55,"column":48}},"27":{"start":{"line":57,"column":8},"end":{"line":59,"column":9}},"28":{"start":{"line":58,"column":12},"end":{"line":58,"column":47}},"29":{"start":{"line":61,"column":22},"end":{"line":61,"column":38}},"30":{"start":{"line":62,"column":8},"end":{"line":65,"column":9}},"31":{"start":{"line":63,"column":12},"end":{"line":63,"column":78}},"32":{"start":{"line":64,"column":12},"end":{"line":64,"column":19}},"33":{"start":{"line":67,"column":8},"end":{"line":71,"column":11}},"34":{"start":{"line":73,"column":8},"end":{"line":73,"column":46}},"35":{"start":{"line":74,"column":8},"end":{"line":74,"column":27}},"36":{"start":{"line":76,"column":8},"end":{"line":76,"column":55}},"37":{"start":{"line":77,"column":8},"end":{"line":77,"column":58}},"38":{"start":{"line":82,"column":4},"end":{"line":103,"column":5}},"39":{"start":{"line":83,"column":25},"end":{"line":83,"column":51}},"40":{"start":{"line":84,"column":27},"end":{"line":84,"column":71}},"41":{"start":{"line":86,"column":8},"end":{"line":89,"column":9}},"42":{"start":{"line":87,"column":12},"end":{"line":87,"column":60}},"43":{"start":{"line":88,"column":12},"end":{"line":88,"column":19}},"44":{"start":{"line":91,"column":8},"end":{"line":96,"column":11}},"45":{"start":{"line":98,"column":8},"end":{"line":98,"column":46}},"46":{"start":{"line":99,"column":8},"end":{"line":99,"column":27}},"47":{"start":{"line":101,"column":8},"end":{"line":101,"column":55}},"48":{"start":{"line":102,"column":8},"end":{"line":102,"column":58}},"49":{"start":{"line":108,"column":16},"end":{"line":108,"column":45}},"50":{"start":{"line":109,"column":4},"end":{"line":109,"column":33}},"51":{"start":{"line":110,"column":4},"end":{"line":119,"column":6}},"52":{"start":{"line":120,"column":4},"end":{"line":120,"column":15}},"53":{"start":{"line":124,"column":4},"end":{"line":134,"column":6}},"54":{"start":{"line":138,"column":4},"end":{"line":139,"column":63}},"55":{"start":{"line":139,"column":40},"end":{"line":139,"column":61}},"56":{"start":{"line":143,"column":0},"end":{"line":150,"column":1}},"57":{"start":{"line":144,"column":4},"end":{"line":149,"column":7}}},"fnMap":{"0":{"name":"loadClaims","decl":{"start":{"line":14,"column":22},"end":{"line":14,"column":32}},"loc":{"start":{"line":14,"column":35},"end":{"line":33,"column":1}},"line":14},"1":{"name":"(anonymous_1)","decl":{"start":{"line":23,"column":30},"end":{"line":23,"column":31}},"loc":{"start":{"line":23,"column":39},"end":{"line":28,"column":9}},"line":23},"2":{"name":"viewClaimDetails","decl":{"start":{"line":35,"column":22},"end":{"line":35,"column":38}},"loc":{"start":{"line":35,"column":48},"end":{"line":50,"column":1}},"line":35},"3":{"name":"approveClaim","decl":{"start":{"line":52,"column":22},"end":{"line":52,"column":34}},"loc":{"start":{"line":52,"column":52},"end":{"line":79,"column":1}},"line":52},"4":{"name":"rejectClaim","decl":{"start":{"line":81,"column":22},"end":{"line":81,"column":33}},"loc":{"start":{"line":81,"column":43},"end":{"line":104,"column":1}},"line":81},"5":{"name":"createClaimElement","decl":{"start":{"line":107,"column":9},"end":{"line":107,"column":27}},"loc":{"start":{"line":107,"column":39},"end":{"line":121,"column":1}},"line":107},"6":{"name":"createClaimDetailsHTML","decl":{"start":{"line":123,"column":9},"end":{"line":123,"column":31}},"loc":{"start":{"line":123,"column":39},"end":{"line":135,"column":1}},"line":123},"7":{"name":"areDocumentsVerified","decl":{"start":{"line":137,"column":9},"end":{"line":137,"column":29}},"loc":{"start":{"line":137,"column":37},"end":{"line":140,"column":1}},"line":137},"8":{"name":"(anonymous_8)","decl":{"start":{"line":139,"column":33},"end":{"line":139,"column":34}},"loc":{"start":{"line":139,"column":40},"end":{"line":139,"column":61}},"line":139}},"branchMap":{"0":{"loc":{"start":{"line":39,"column":8},"end":{"line":45,"column":9}},"type":"if","locations":[{"start":{"line":39,"column":8},"end":{"line":45,"column":9}},{"start":{},"end":{}}],"line":39},"1":{"loc":{"start":{"line":57,"column":8},"end":{"line":59,"column":9}},"type":"if","locations":[{"start":{"line":57,"column":8},"end":{"line":59,"column":9}},{"start":{},"end":{}}],"line":57},"2":{"loc":{"start":{"line":62,"column":8},"end":{"line":65,"column":9}},"type":"if","locations":[{"start":{"line":62,"column":8},"end":{"line":65,"column":9}},{"start":{},"end":{}}],"line":62},"3":{"loc":{"start":{"line":86,"column":8},"end":{"line":89,"column":9}},"type":"if","locations":[{"start":{"line":86,"column":8},"end":{"line":89,"column":9}},{"start":{},"end":{}}],"line":86},"4":{"loc":{"start":{"line":115,"column":10},"end":{"line":118,"column":14}},"type":"cond-expr","locations":[{"start":{"line":115,"column":39},"end":{"line":118,"column":9}},{"start":{"line":118,"column":12},"end":{"line":118,"column":14}}],"line":115},"5":{"loc":{"start":{"line":131,"column":10},"end":{"line":131,"column":111}},"type":"cond-expr","locations":[{"start":{"line":131,"column":31},"end":{"line":131,"column":106}},{"start":{"line":131,"column":109},"end":{"line":131,"column":111}}],"line":131},"6":{"loc":{"start":{"line":132,"column":10},"end":{"line":132,"column":111}},"type":"cond-expr","locations":[{"start":{"line":132,"column":31},"end":{"line":132,"column":106}},{"start":{"line":132,"column":109},"end":{"line":132,"column":111}}],"line":132},"7":{"loc":{"start":{"line":133,"column":10},"end":{"line":133,"column":75}},"type":"cond-expr","locations":[{"start":{"line":133,"column":29},"end":{"line":133,"column":70}},{"start":{"line":133,"column":73},"end":{"line":133,"column":75}}],"line":133},"8":{"loc":{"start":{"line":138,"column":11},"end":{"line":139,"column":62}},"type":"binary-expr","locations":[{"start":{"line":138,"column":11},"end":{"line":138,"column":26}},{"start":{"line":139,"column":11},"end":{"line":139,"column":62}}],"line":138},"9":{"loc":{"start":{"line":143,"column":0},"end":{"line":150,"column":1}},"type":"if","locations":[{"start":{"line":143,"column":0},"end":{"line":150,"column":1}},{"start":{},"end":{}}],"line":143}},"s":{"0":0,"1":0,"2":0,"3":0,"4":0,"5":0,"6":0,"7":0,"8":0,"9":0,"10":0,"11":0,"12":0,"13":0,"14":0,"15":0,"16":0,"17":0,"18":0,"19":0,"20":0,"21":0,"22":0,"23":0,"24":0,"25":0,"26":0,"27":0,"28":0,"29":0,"30":0,"31":0,"32":0,"33":0,"34":0,"35":0,"36":0,"37":0,"38":0,"39":0,"40":0,"41":0,"42":0,"43":0,"44":0,"45":0,"46":0,"47":0,"48":0,"49":0,"50":0,"51":0,"52":0,"53":0,"54":0,"55":0,"56":0,"57":0},"f":{"0":0,"1":0,"2":0,"3":0,"4":0,"5":0,"6":0,"7":0,"8":0},"b":{"0":[0,0],"1":[0,0],"2":[0,0],"3":[0,0],"4":[0,0],"5":[0,0],"6":[0,0],"7":[0,0],"8":[0,0],"9":[0,0]}}
,"C:\\Users\\RC_Student_lab\\Desktop\\Kubadu Admin\\public_html\\js\\manageLoans.js": {"path":"C:\\Users\\RC_Student_lab\\Desktop\\Kubadu Admin\\public_html\\js\\manageLoans.js","statementMap":{"0":{"start":{"line":6,"column":23},"end":{"line":8,"column":1}},"1":{"start":{"line":10,"column":12},"end":{"line":10,"column":41}},"2":{"start":{"line":11,"column":11},"end":{"line":11,"column":28}},"3":{"start":{"line":15,"column":22},"end":{"line":15,"column":59}},"4":{"start":{"line":16,"column":4},"end":{"line":16,"column":29}},"5":{"start":{"line":18,"column":4},"end":{"line":32,"column":5}},"6":{"start":{"line":19,"column":25},"end":{"line":19,"column":48}},"7":{"start":{"line":20,"column":18},"end":{"line":20,"column":65}},"8":{"start":{"line":21,"column":30},"end":{"line":21,"column":46}},"9":{"start":{"line":23,"column":8},"end":{"line":28,"column":11}},"10":{"start":{"line":24,"column":25},"end":{"line":24,"column":35}},"11":{"start":{"line":26,"column":32},"end":{"line":26,"column":63}},"12":{"start":{"line":27,"column":12},"end":{"line":27,"column":47}},"13":{"start":{"line":30,"column":8},"end":{"line":30,"column":53}},"14":{"start":{"line":31,"column":8},"end":{"line":31,"column":56}},"15":{"start":{"line":36,"column":4},"end":{"line":50,"column":5}},"16":{"start":{"line":37,"column":24},"end":{"line":37,"column":54}},"17":{"start":{"line":38,"column":25},"end":{"line":38,"column":46}},"18":{"start":{"line":40,"column":8},"end":{"line":46,"column":9}},"19":{"start":{"line":41,"column":25},"end":{"line":41,"column":40}},"20":{"start":{"line":43,"column":26},"end":{"line":43,"column":90}},"21":{"start":{"line":44,"column":12},"end":{"line":44,"column":92}},"22":{"start":{"line":45,"column":12},"end":{"line":45,"column":25}},"23":{"start":{"line":48,"column":8},"end":{"line":48,"column":60}},"24":{"start":{"line":49,"column":8},"end":{"line":49,"column":63}},"25":{"start":{"line":54,"column":4},"end":{"line":81,"column":5}},"26":{"start":{"line":56,"column":24},"end":{"line":56,"column":54}},"27":{"start":{"line":57,"column":25},"end":{"line":57,"column":46}},"28":{"start":{"line":59,"column":8},"end":{"line":61,"column":9}},"29":{"start":{"line":60,"column":12},"end":{"line":60,"column":46}},"30":{"start":{"line":63,"column":21},"end":{"line":63,"column":36}},"31":{"start":{"line":64,"column":8},"end":{"line":67,"column":9}},"32":{"start":{"line":65,"column":12},"end":{"line":65,"column":78}},"33":{"start":{"line":66,"column":12},"end":{"line":66,"column":19}},"34":{"start":{"line":70,"column":8},"end":{"line":74,"column":11}},"35":{"start":{"line":76,"column":8},"end":{"line":76,"column":45}},"36":{"start":{"line":77,"column":8},"end":{"line":77,"column":26}},"37":{"start":{"line":79,"column":8},"end":{"line":79,"column":54}},"38":{"start":{"line":80,"column":8},"end":{"line":80,"column":57}},"39":{"start":{"line":85,"column":4},"end":{"line":98,"column":5}},"40":{"start":{"line":86,"column":24},"end":{"line":86,"column":48}},"41":{"start":{"line":87,"column":8},"end":{"line":91,"column":11}},"42":{"start":{"line":93,"column":8},"end":{"line":93,"column":45}},"43":{"start":{"line":94,"column":8},"end":{"line":94,"column":26}},"44":{"start":{"line":96,"column":8},"end":{"line":96,"column":54}},"45":{"start":{"line":97,"column":8},"end":{"line":97,"column":57}},"46":{"start":{"line":103,"column":16},"end":{"line":103,"column":45}},"47":{"start":{"line":104,"column":4},"end":{"line":104,"column":32}},"48":{"start":{"line":105,"column":4},"end":{"line":114,"column":6}},"49":{"start":{"line":115,"column":4},"end":{"line":115,"column":15}},"50":{"start":{"line":119,"column":4},"end":{"line":128,"column":6}},"51":{"start":{"line":132,"column":4},"end":{"line":133,"column":62}},"52":{"start":{"line":133,"column":39},"end":{"line":133,"column":60}},"53":{"start":{"line":137,"column":0},"end":{"line":144,"column":1}},"54":{"start":{"line":138,"column":4},"end":{"line":143,"column":7}}},"fnMap":{"0":{"name":"loadLoans","decl":{"start":{"line":14,"column":22},"end":{"line":14,"column":31}},"loc":{"start":{"line":14,"column":34},"end":{"line":33,"column":1}},"line":14},"1":{"name":"(anonymous_1)","decl":{"start":{"line":23,"column":30},"end":{"line":23,"column":31}},"loc":{"start":{"line":23,"column":39},"end":{"line":28,"column":9}},"line":23},"2":{"name":"viewLoanDetails","decl":{"start":{"line":35,"column":22},"end":{"line":35,"column":37}},"loc":{"start":{"line":35,"column":46},"end":{"line":51,"column":1}},"line":35},"3":{"name":"approveLoan","decl":{"start":{"line":53,"column":22},"end":{"line":53,"column":33}},"loc":{"start":{"line":53,"column":42},"end":{"line":82,"column":1}},"line":53},"4":{"name":"rejectLoan","decl":{"start":{"line":84,"column":22},"end":{"line":84,"column":32}},"loc":{"start":{"line":84,"column":41},"end":{"line":99,"column":1}},"line":84},"5":{"name":"createLoanElement","decl":{"start":{"line":102,"column":9},"end":{"line":102,"column":26}},"loc":{"start":{"line":102,"column":37},"end":{"line":116,"column":1}},"line":102},"6":{"name":"createLoanDetailsHTML","decl":{"start":{"line":118,"column":9},"end":{"line":118,"column":30}},"loc":{"start":{"line":118,"column":37},"end":{"line":129,"column":1}},"line":118},"7":{"name":"areDocumentsVerified","decl":{"start":{"line":131,"column":9},"end":{"line":131,"column":29}},"loc":{"start":{"line":131,"column":36},"end":{"line":134,"column":1}},"line":131},"8":{"name":"(anonymous_8)","decl":{"start":{"line":133,"column":32},"end":{"line":133,"column":33}},"loc":{"start":{"line":133,"column":39},"end":{"line":133,"column":60}},"line":133}},"branchMap":{"0":{"loc":{"start":{"line":40,"column":8},"end":{"line":46,"column":9}},"type":"if","locations":[{"start":{"line":40,"column":8},"end":{"line":46,"column":9}},{"start":{},"end":{}}],"line":40},"1":{"loc":{"start":{"line":59,"column":8},"end":{"line":61,"column":9}},"type":"if","locations":[{"start":{"line":59,"column":8},"end":{"line":61,"column":9}},{"start":{},"end":{}}],"line":59},"2":{"loc":{"start":{"line":64,"column":8},"end":{"line":67,"column":9}},"type":"if","locations":[{"start":{"line":64,"column":8},"end":{"line":67,"column":9}},{"start":{},"end":{}}],"line":64},"3":{"loc":{"start":{"line":110,"column":10},"end":{"line":113,"column":14}},"type":"cond-expr","locations":[{"start":{"line":110,"column":38},"end":{"line":113,"column":9}},{"start":{"line":113,"column":12},"end":{"line":113,"column":14}}],"line":110},"4":{"loc":{"start":{"line":126,"column":10},"end":{"line":126,"column":109}},"type":"cond-expr","locations":[{"start":{"line":126,"column":30},"end":{"line":126,"column":104}},{"start":{"line":126,"column":107},"end":{"line":126,"column":109}}],"line":126},"5":{"loc":{"start":{"line":127,"column":10},"end":{"line":127,"column":109}},"type":"cond-expr","locations":[{"start":{"line":127,"column":30},"end":{"line":127,"column":104}},{"start":{"line":127,"column":107},"end":{"line":127,"column":109}}],"line":127},"6":{"loc":{"start":{"line":132,"column":11},"end":{"line":133,"column":61}},"type":"binary-expr","locations":[{"start":{"line":132,"column":11},"end":{"line":132,"column":25}},{"start":{"line":133,"column":11},"end":{"line":133,"column":61}}],"line":132},"7":{"loc":{"start":{"line":137,"column":0},"end":{"line":144,"column":1}},"type":"if","locations":[{"start":{"line":137,"column":0},"end":{"line":144,"column":1}},{"start":{},"end":{}}],"line":137}},"s":{"0":0,"1":0,"2":0,"3":0,"4":0,"5":0,"6":0,"7":0,"8":0,"9":0,"10":0,"11":0,"12":0,"13":0,"14":0,"15":0,"16":0,"17":0,"18":0,"19":0,"20":0,"21":0,"22":0,"23":0,"24":0,"25":0,"26":0,"27":0,"28":0,"29":0,"30":0,"31":0,"32":0,"33":0,"34":0,"35":0,"36":0,"37":0,"38":0,"39":0,"40":0,"41":0,"42":0,"43":0,"44":0,"45":0,"46":0,"47":0,"48":0,"49":0,"50":0,"51":0,"52":0,"53":0,"54":0},"f":{"0":0,"1":0,"2":0,"3":0,"4":0,"5":0,"6":0,"7":0,"8":0},"b":{"0":[0,0],"1":[0,0],"2":[0,0],"3":[0,0],"4":[0,0],"5":[0,0],"6":[0,0],"7":[0,0]}}
,"C:\\Users\\RC_Student_lab\\Desktop\\Kubadu Admin\\public_html\\js\\managePayments.js": {"path":"C:\\Users\\RC_Student_lab\\Desktop\\Kubadu Admin\\public_html\\js\\managePayments.js","statementMap":{"0":{"start":{"line":7,"column":23},"end":{"line":9,"column":1}},"1":{"start":{"line":11,"column":12},"end":{"line":11,"column":41}},"2":{"start":{"line":12,"column":11},"end":{"line":12,"column":28}},"3":{"start":{"line":13,"column":13},"end":{"line":13,"column":25}},"4":{"start":{"line":17,"column":25},"end":{"line":17,"column":65}},"5":{"start":{"line":18,"column":4},"end":{"line":21,"column":5}},"6":{"start":{"line":19,"column":8},"end":{"line":19,"column":57}},"7":{"start":{"line":20,"column":8},"end":{"line":20,"column":15}},"8":{"start":{"line":23,"column":4},"end":{"line":23,"column":32}},"9":{"start":{"line":25,"column":4},"end":{"line":65,"column":5}},"10":{"start":{"line":26,"column":8},"end":{"line":28,"column":9}},"11":{"start":{"line":27,"column":12},"end":{"line":27,"column":54}},"12":{"start":{"line":30,"column":28},"end":{"line":30,"column":54}},"13":{"start":{"line":31,"column":18},"end":{"line":31,"column":61}},"14":{"start":{"line":32,"column":30},"end":{"line":32,"column":46}},"15":{"start":{"line":34,"column":8},"end":{"line":36,"column":9}},"16":{"start":{"line":35,"column":12},"end":{"line":35,"column":54}},"17":{"start":{"line":38,"column":31},"end":{"line":38,"column":36}},"18":{"start":{"line":39,"column":8},"end":{"line":56,"column":11}},"19":{"start":{"line":40,"column":12},"end":{"line":40,"column":38}},"20":{"start":{"line":40,"column":31},"end":{"line":40,"column":38}},"21":{"start":{"line":42,"column":28},"end":{"line":42,"column":38}},"22":{"start":{"line":43,"column":12},"end":{"line":43,"column":33}},"23":{"start":{"line":43,"column":26},"end":{"line":43,"column":33}},"24":{"start":{"line":45,"column":12},"end":{"line":55,"column":13}},"25":{"start":{"line":46,"column":16},"end":{"line":52,"column":17}},"26":{"start":{"line":47,"column":43},"end":{"line":47,"column":80}},"27":{"start":{"line":48,"column":20},"end":{"line":48,"column":61}},"28":{"start":{"line":49,"column":20},"end":{"line":49,"column":44}},"29":{"start":{"line":51,"column":20},"end":{"line":51,"column":83}},"30":{"start":{"line":54,"column":16},"end":{"line":54,"column":89}},"31":{"start":{"line":58,"column":8},"end":{"line":60,"column":9}},"32":{"start":{"line":59,"column":12},"end":{"line":59,"column":71}},"33":{"start":{"line":62,"column":8},"end":{"line":62,"column":56}},"34":{"start":{"line":63,"column":8},"end":{"line":63,"column":59}},"35":{"start":{"line":64,"column":8},"end":{"line":64,"column":84}},"36":{"start":{"line":69,"column":4},"end":{"line":95,"column":5}},"37":{"start":{"line":70,"column":8},"end":{"line":72,"column":9}},"38":{"start":{"line":71,"column":12},"end":{"line":71,"column":54}},"39":{"start":{"line":74,"column":27},"end":{"line":74,"column":71}},"40":{"start":{"line":75,"column":8},"end":{"line":77,"column":9}},"41":{"start":{"line":76,"column":12},"end":{"line":76,"column":49}},"42":{"start":{"line":79,"column":24},"end":{"line":79,"column":41}},"43":{"start":{"line":80,"column":8},"end":{"line":82,"column":9}},"44":{"start":{"line":81,"column":12},"end":{"line":81,"column":52}},"45":{"start":{"line":84,"column":29},"end":{"line":84,"column":75}},"46":{"start":{"line":85,"column":8},"end":{"line":87,"column":9}},"47":{"start":{"line":86,"column":12},"end":{"line":86,"column":55}},"48":{"start":{"line":89,"column":22},"end":{"line":89,"column":55}},"49":{"start":{"line":90,"column":8},"end":{"line":90,"column":97}},"50":{"start":{"line":91,"column":8},"end":{"line":91,"column":21}},"51":{"start":{"line":93,"column":8},"end":{"line":93,"column":63}},"52":{"start":{"line":94,"column":8},"end":{"line":94,"column":66}},"53":{"start":{"line":99,"column":4},"end":{"line":133,"column":5}},"54":{"start":{"line":100,"column":8},"end":{"line":102,"column":9}},"55":{"start":{"line":101,"column":12},"end":{"line":101,"column":54}},"56":{"start":{"line":104,"column":27},"end":{"line":104,"column":57}},"57":{"start":{"line":105,"column":28},"end":{"line":105,"column":52}},"58":{"start":{"line":107,"column":8},"end":{"line":109,"column":9}},"59":{"start":{"line":108,"column":12},"end":{"line":108,"column":49}},"60":{"start":{"line":111,"column":24},"end":{"line":111,"column":42}},"61":{"start":{"line":112,"column":8},"end":{"line":115,"column":9}},"62":{"start":{"line":113,"column":12},"end":{"line":113,"column":82}},"63":{"start":{"line":114,"column":12},"end":{"line":114,"column":19}},"64":{"start":{"line":117,"column":8},"end":{"line":120,"column":9}},"65":{"start":{"line":118,"column":12},"end":{"line":118,"column":62}},"66":{"start":{"line":119,"column":12},"end":{"line":119,"column":19}},"67":{"start":{"line":122,"column":8},"end":{"line":126,"column":11}},"68":{"start":{"line":128,"column":8},"end":{"line":128,"column":49}},"69":{"start":{"line":129,"column":8},"end":{"line":129,"column":29}},"70":{"start":{"line":131,"column":8},"end":{"line":131,"column":58}},"71":{"start":{"line":132,"column":8},"end":{"line":132,"column":61}},"72":{"start":{"line":137,"column":4},"end":{"line":178,"column":5}},"73":{"start":{"line":138,"column":8},"end":{"line":140,"column":9}},"74":{"start":{"line":139,"column":12},"end":{"line":139,"column":54}},"75":{"start":{"line":142,"column":27},"end":{"line":142,"column":57}},"76":{"start":{"line":143,"column":28},"end":{"line":143,"column":52}},"77":{"start":{"line":145,"column":8},"end":{"line":147,"column":9}},"78":{"start":{"line":146,"column":12},"end":{"line":146,"column":49}},"79":{"start":{"line":149,"column":24},"end":{"line":149,"column":42}},"80":{"start":{"line":150,"column":8},"end":{"line":153,"column":9}},"81":{"start":{"line":151,"column":12},"end":{"line":151,"column":82}},"82":{"start":{"line":152,"column":12},"end":{"line":152,"column":19}},"83":{"start":{"line":155,"column":8},"end":{"line":158,"column":9}},"84":{"start":{"line":156,"column":12},"end":{"line":156,"column":62}},"85":{"start":{"line":157,"column":12},"end":{"line":157,"column":19}},"86":{"start":{"line":160,"column":32},"end":{"line":160,"column":82}},"87":{"start":{"line":161,"column":8},"end":{"line":164,"column":9}},"88":{"start":{"line":162,"column":12},"end":{"line":162,"column":60}},"89":{"start":{"line":163,"column":12},"end":{"line":163,"column":19}},"90":{"start":{"line":166,"column":8},"end":{"line":171,"column":11}},"91":{"start":{"line":173,"column":8},"end":{"line":173,"column":48}},"92":{"start":{"line":174,"column":8},"end":{"line":174,"column":29}},"93":{"start":{"line":176,"column":8},"end":{"line":176,"column":57}},"94":{"start":{"line":177,"column":8},"end":{"line":177,"column":60}},"95":{"start":{"line":182,"column":25},"end":{"line":182,"column":65}},"96":{"start":{"line":183,"column":4},"end":{"line":186,"column":5}},"97":{"start":{"line":184,"column":8},"end":{"line":184,"column":57}},"98":{"start":{"line":185,"column":8},"end":{"line":185,"column":15}},"99":{"start":{"line":188,"column":4},"end":{"line":188,"column":32}},"100":{"start":{"line":190,"column":4},"end":{"line":242,"column":5}},"101":{"start":{"line":191,"column":8},"end":{"line":193,"column":9}},"102":{"start":{"line":192,"column":12},"end":{"line":192,"column":50}},"103":{"start":{"line":195,"column":22},"end":{"line":195,"column":41}},"104":{"start":{"line":196,"column":20},"end":{"line":196,"column":37}},"105":{"start":{"line":197,"column":8},"end":{"line":197,"column":38}},"106":{"start":{"line":199,"column":8},"end":{"line":201,"column":9}},"107":{"start":{"line":200,"column":12},"end":{"line":200,"column":51}},"108":{"start":{"line":203,"column":28},"end":{"line":203,"column":54}},"109":{"start":{"line":204,"column":18},"end":{"line":209,"column":9}},"110":{"start":{"line":211,"column":30},"end":{"line":211,"column":46}},"111":{"start":{"line":212,"column":8},"end":{"line":214,"column":9}},"112":{"start":{"line":213,"column":12},"end":{"line":213,"column":54}},"113":{"start":{"line":216,"column":31},"end":{"line":216,"column":36}},"114":{"start":{"line":217,"column":8},"end":{"line":234,"column":11}},"115":{"start":{"line":218,"column":12},"end":{"line":218,"column":38}},"116":{"start":{"line":218,"column":31},"end":{"line":218,"column":38}},"117":{"start":{"line":220,"column":28},"end":{"line":220,"column":38}},"118":{"start":{"line":221,"column":12},"end":{"line":221,"column":33}},"119":{"start":{"line":221,"column":26},"end":{"line":221,"column":33}},"120":{"start":{"line":223,"column":12},"end":{"line":233,"column":13}},"121":{"start":{"line":224,"column":16},"end":{"line":230,"column":17}},"122":{"start":{"line":225,"column":43},"end":{"line":225,"column":80}},"123":{"start":{"line":226,"column":20},"end":{"line":226,"column":61}},"124":{"start":{"line":227,"column":20},"end":{"line":227,"column":44}},"125":{"start":{"line":229,"column":20},"end":{"line":229,"column":83}},"126":{"start":{"line":232,"column":16},"end":{"line":232,"column":89}},"127":{"start":{"line":236,"column":8},"end":{"line":238,"column":9}},"128":{"start":{"line":237,"column":12},"end":{"line":237,"column":92}},"129":{"start":{"line":240,"column":8},"end":{"line":240,"column":58}},"130":{"start":{"line":241,"column":8},"end":{"line":241,"column":61}},"131":{"start":{"line":246,"column":4},"end":{"line":246,"column":62}},"132":{"start":{"line":246,"column":49},"end":{"line":246,"column":62}},"133":{"start":{"line":249,"column":4},"end":{"line":249,"column":99}},"134":{"start":{"line":249,"column":86},"end":{"line":249,"column":99}},"135":{"start":{"line":250,"column":4},"end":{"line":250,"column":129}},"136":{"start":{"line":250,"column":116},"end":{"line":250,"column":129}},"137":{"start":{"line":251,"column":4},"end":{"line":251,"column":123}},"138":{"start":{"line":251,"column":110},"end":{"line":251,"column":123}},"139":{"start":{"line":252,"column":4},"end":{"line":252,"column":105}},"140":{"start":{"line":252,"column":92},"end":{"line":252,"column":105}},"141":{"start":{"line":255,"column":4},"end":{"line":255,"column":75}},"142":{"start":{"line":255,"column":62},"end":{"line":255,"column":75}},"143":{"start":{"line":256,"column":4},"end":{"line":256,"column":79}},"144":{"start":{"line":256,"column":66},"end":{"line":256,"column":79}},"145":{"start":{"line":257,"column":4},"end":{"line":257,"column":142}},"146":{"start":{"line":257,"column":129},"end":{"line":257,"column":142}},"147":{"start":{"line":258,"column":4},"end":{"line":258,"column":133}},"148":{"start":{"line":258,"column":120},"end":{"line":258,"column":133}},"149":{"start":{"line":260,"column":4},"end":{"line":260,"column":16}},"150":{"start":{"line":264,"column":4},"end":{"line":267,"column":5}},"151":{"start":{"line":265,"column":8},"end":{"line":265,"column":56}},"152":{"start":{"line":266,"column":8},"end":{"line":266,"column":45}},"153":{"start":{"line":269,"column":16},"end":{"line":269,"column":45}},"154":{"start":{"line":270,"column":4},"end":{"line":270,"column":35}},"155":{"start":{"line":271,"column":4},"end":{"line":282,"column":6}},"156":{"start":{"line":283,"column":4},"end":{"line":283,"column":15}},"157":{"start":{"line":287,"column":4},"end":{"line":290,"column":5}},"158":{"start":{"line":288,"column":8},"end":{"line":288,"column":68}},"159":{"start":{"line":289,"column":8},"end":{"line":289,"column":18}},"160":{"start":{"line":292,"column":23},"end":{"line":297,"column":5}},"161":{"start":{"line":293,"column":8},"end":{"line":295,"column":9}},"162":{"start":{"line":294,"column":12},"end":{"line":294,"column":34}},"163":{"start":{"line":296,"column":8},"end":{"line":296,"column":55}},"164":{"start":{"line":299,"column":4},"end":{"line":312,"column":6}},"165":{"start":{"line":316,"column":0},"end":{"line":324,"column":1}},"166":{"start":{"line":317,"column":4},"end":{"line":323,"column":7}}},"fnMap":{"0":{"name":"loadPayments","decl":{"start":{"line":16,"column":22},"end":{"line":16,"column":34}},"loc":{"start":{"line":16,"column":37},"end":{"line":66,"column":1}},"line":16},"1":{"name":"(anonymous_1)","decl":{"start":{"line":39,"column":30},"end":{"line":39,"column":31}},"loc":{"start":{"line":39,"column":39},"end":{"line":56,"column":9}},"line":39},"2":{"name":"viewPaymentDetails","decl":{"start":{"line":68,"column":22},"end":{"line":68,"column":40}},"loc":{"start":{"line":68,"column":52},"end":{"line":96,"column":1}},"line":68},"3":{"name":"confirmPayment","decl":{"start":{"line":98,"column":22},"end":{"line":98,"column":36}},"loc":{"start":{"line":98,"column":48},"end":{"line":134,"column":1}},"line":98},"4":{"name":"rejectPayment","decl":{"start":{"line":136,"column":22},"end":{"line":136,"column":35}},"loc":{"start":{"line":136,"column":47},"end":{"line":179,"column":1}},"line":136},"5":{"name":"filterPaymentsByDate","decl":{"start":{"line":181,"column":22},"end":{"line":181,"column":42}},"loc":{"start":{"line":181,"column":63},"end":{"line":243,"column":1}},"line":181},"6":{"name":"(anonymous_6)","decl":{"start":{"line":217,"column":30},"end":{"line":217,"column":31}},"loc":{"start":{"line":217,"column":39},"end":{"line":234,"column":9}},"line":217},"7":{"name":"isValidPayment","decl":{"start":{"line":245,"column":9},"end":{"line":245,"column":23}},"loc":{"start":{"line":245,"column":33},"end":{"line":261,"column":1}},"line":245},"8":{"name":"createPaymentElement","decl":{"start":{"line":263,"column":9},"end":{"line":263,"column":29}},"loc":{"start":{"line":263,"column":43},"end":{"line":284,"column":1}},"line":263},"9":{"name":"createPaymentDetailsHTML","decl":{"start":{"line":286,"column":9},"end":{"line":286,"column":33}},"loc":{"start":{"line":286,"column":43},"end":{"line":313,"column":1}},"line":286},"10":{"name":"(anonymous_10)","decl":{"start":{"line":292,"column":23},"end":{"line":292,"column":24}},"loc":{"start":{"line":292,"column":38},"end":{"line":297,"column":5}},"line":292}},"branchMap":{"0":{"loc":{"start":{"line":18,"column":4},"end":{"line":21,"column":5}},"type":"if","locations":[{"start":{"line":18,"column":4},"end":{"line":21,"column":5}},{"start":{},"end":{}}],"line":18},"1":{"loc":{"start":{"line":26,"column":8},"end":{"line":28,"column":9}},"type":"if","locations":[{"start":{"line":26,"column":8},"end":{"line":28,"column":9}},{"start":{},"end":{}}],"line":26},"2":{"loc":{"start":{"line":34,"column":8},"end":{"line":36,"column":9}},"type":"if","locations":[{"start":{"line":34,"column":8},"end":{"line":36,"column":9}},{"start":{},"end":{}}],"line":34},"3":{"loc":{"start":{"line":34,"column":12},"end":{"line":34,"column":52}},"type":"binary-expr","locations":[{"start":{"line":34,"column":12},"end":{"line":34,"column":26}},{"start":{"line":34,"column":30},"end":{"line":34,"column":52}}],"line":34},"4":{"loc":{"start":{"line":40,"column":12},"end":{"line":40,"column":38}},"type":"if","locations":[{"start":{"line":40,"column":12},"end":{"line":40,"column":38}},{"start":{},"end":{}}],"line":40},"5":{"loc":{"start":{"line":43,"column":12},"end":{"line":43,"column":33}},"type":"if","locations":[{"start":{"line":43,"column":12},"end":{"line":43,"column":33}},{"start":{},"end":{}}],"line":43},"6":{"loc":{"start":{"line":46,"column":16},"end":{"line":52,"column":17}},"type":"if","locations":[{"start":{"line":46,"column":16},"end":{"line":52,"column":17}},{"start":{"line":50,"column":23},"end":{"line":52,"column":17}}],"line":46},"7":{"loc":{"start":{"line":58,"column":8},"end":{"line":60,"column":9}},"type":"if","locations":[{"start":{"line":58,"column":8},"end":{"line":60,"column":9}},{"start":{},"end":{}}],"line":58},"8":{"loc":{"start":{"line":70,"column":8},"end":{"line":72,"column":9}},"type":"if","locations":[{"start":{"line":70,"column":8},"end":{"line":72,"column":9}},{"start":{},"end":{}}],"line":70},"9":{"loc":{"start":{"line":75,"column":8},"end":{"line":77,"column":9}},"type":"if","locations":[{"start":{"line":75,"column":8},"end":{"line":77,"column":9}},{"start":{},"end":{}}],"line":75},"10":{"loc":{"start":{"line":80,"column":8},"end":{"line":82,"column":9}},"type":"if","locations":[{"start":{"line":80,"column":8},"end":{"line":82,"column":9}},{"start":{},"end":{}}],"line":80},"11":{"loc":{"start":{"line":85,"column":8},"end":{"line":87,"column":9}},"type":"if","locations":[{"start":{"line":85,"column":8},"end":{"line":87,"column":9}},{"start":{},"end":{}}],"line":85},"12":{"loc":{"start":{"line":100,"column":8},"end":{"line":102,"column":9}},"type":"if","locations":[{"start":{"line":100,"column":8},"end":{"line":102,"column":9}},{"start":{},"end":{}}],"line":100},"13":{"loc":{"start":{"line":107,"column":8},"end":{"line":109,"column":9}},"type":"if","locations":[{"start":{"line":107,"column":8},"end":{"line":109,"column":9}},{"start":{},"end":{}}],"line":107},"14":{"loc":{"start":{"line":112,"column":8},"end":{"line":115,"column":9}},"type":"if","locations":[{"start":{"line":112,"column":8},"end":{"line":115,"column":9}},{"start":{},"end":{}}],"line":112},"15":{"loc":{"start":{"line":117,"column":8},"end":{"line":120,"column":9}},"type":"if","locations":[{"start":{"line":117,"column":8},"end":{"line":120,"column":9}},{"start":{},"end":{}}],"line":117},"16":{"loc":{"start":{"line":138,"column":8},"end":{"line":140,"column":9}},"type":"if","locations":[{"start":{"line":138,"column":8},"end":{"line":140,"column":9}},{"start":{},"end":{}}],"line":138},"17":{"loc":{"start":{"line":145,"column":8},"end":{"line":147,"column":9}},"type":"if","locations":[{"start":{"line":145,"column":8},"end":{"line":147,"column":9}},{"start":{},"end":{}}],"line":145},"18":{"loc":{"start":{"line":150,"column":8},"end":{"line":153,"column":9}},"type":"if","locations":[{"start":{"line":150,"column":8},"end":{"line":153,"column":9}},{"start":{},"end":{}}],"line":150},"19":{"loc":{"start":{"line":155,"column":8},"end":{"line":158,"column":9}},"type":"if","locations":[{"start":{"line":155,"column":8},"end":{"line":158,"column":9}},{"start":{},"end":{}}],"line":155},"20":{"loc":{"start":{"line":161,"column":8},"end":{"line":164,"column":9}},"type":"if","locations":[{"start":{"line":161,"column":8},"end":{"line":164,"column":9}},{"start":{},"end":{}}],"line":161},"21":{"loc":{"start":{"line":161,"column":12},"end":{"line":161,"column":55}},"type":"binary-expr","locations":[{"start":{"line":161,"column":12},"end":{"line":161,"column":28}},{"start":{"line":161,"column":32},"end":{"line":161,"column":55}}],"line":161},"22":{"loc":{"start":{"line":183,"column":4},"end":{"line":186,"column":5}},"type":"if","locations":[{"start":{"line":183,"column":4},"end":{"line":186,"column":5}},{"start":{},"end":{}}],"line":183},"23":{"loc":{"start":{"line":191,"column":8},"end":{"line":193,"column":9}},"type":"if","locations":[{"start":{"line":191,"column":8},"end":{"line":193,"column":9}},{"start":{},"end":{}}],"line":191},"24":{"loc":{"start":{"line":191,"column":12},"end":{"line":191,"column":34}},"type":"binary-expr","locations":[{"start":{"line":191,"column":12},"end":{"line":191,"column":22}},{"start":{"line":191,"column":26},"end":{"line":191,"column":34}}],"line":191},"25":{"loc":{"start":{"line":199,"column":8},"end":{"line":201,"column":9}},"type":"if","locations":[{"start":{"line":199,"column":8},"end":{"line":201,"column":9}},{"start":{},"end":{}}],"line":199},"26":{"loc":{"start":{"line":199,"column":12},"end":{"line":199,"column":58}},"type":"binary-expr","locations":[{"start":{"line":199,"column":12},"end":{"line":199,"column":34}},{"start":{"line":199,"column":38},"end":{"line":199,"column":58}}],"line":199},"27":{"loc":{"start":{"line":212,"column":8},"end":{"line":214,"column":9}},"type":"if","locations":[{"start":{"line":212,"column":8},"end":{"line":214,"column":9}},{"start":{},"end":{}}],"line":212},"28":{"loc":{"start":{"line":212,"column":12},"end":{"line":212,"column":52}},"type":"binary-expr","locations":[{"start":{"line":212,"column":12},"end":{"line":212,"column":26}},{"start":{"line":212,"column":30},"end":{"line":212,"column":52}}],"line":212},"29":{"loc":{"start":{"line":218,"column":12},"end":{"line":218,"column":38}},"type":"if","locations":[{"start":{"line":218,"column":12},"end":{"line":218,"column":38}},{"start":{},"end":{}}],"line":218},"30":{"loc":{"start":{"line":221,"column":12},"end":{"line":221,"column":33}},"type":"if","locations":[{"start":{"line":221,"column":12},"end":{"line":221,"column":33}},{"start":{},"end":{}}],"line":221},"31":{"loc":{"start":{"line":224,"column":16},"end":{"line":230,"column":17}},"type":"if","locations":[{"start":{"line":224,"column":16},"end":{"line":230,"column":17}},{"start":{"line":228,"column":23},"end":{"line":230,"column":17}}],"line":224},"32":{"loc":{"start":{"line":236,"column":8},"end":{"line":238,"column":9}},"type":"if","locations":[{"start":{"line":236,"column":8},"end":{"line":238,"column":9}},{"start":{},"end":{}}],"line":236},"33":{"loc":{"start":{"line":246,"column":4},"end":{"line":246,"column":62}},"type":"if","locations":[{"start":{"line":246,"column":4},"end":{"line":246,"column":62}},{"start":{},"end":{}}],"line":246},"34":{"loc":{"start":{"line":246,"column":8},"end":{"line":246,"column":47}},"type":"binary-expr","locations":[{"start":{"line":246,"column":8},"end":{"line":246,"column":16}},{"start":{"line":246,"column":20},"end":{"line":246,"column":47}}],"line":246},"35":{"loc":{"start":{"line":249,"column":4},"end":{"line":249,"column":99}},"type":"if","locations":[{"start":{"line":249,"column":4},"end":{"line":249,"column":99}},{"start":{},"end":{}}],"line":249},"36":{"loc":{"start":{"line":249,"column":8},"end":{"line":249,"column":84}},"type":"binary-expr","locations":[{"start":{"line":249,"column":8},"end":{"line":249,"column":23}},{"start":{"line":249,"column":27},"end":{"line":249,"column":61}},{"start":{"line":249,"column":65},"end":{"line":249,"column":84}}],"line":249},"37":{"loc":{"start":{"line":250,"column":4},"end":{"line":250,"column":129}},"type":"if","locations":[{"start":{"line":250,"column":4},"end":{"line":250,"column":129}},{"start":{},"end":{}}],"line":250},"38":{"loc":{"start":{"line":250,"column":8},"end":{"line":250,"column":114}},"type":"binary-expr","locations":[{"start":{"line":250,"column":8},"end":{"line":250,"column":32}},{"start":{"line":250,"column":36},"end":{"line":250,"column":79}},{"start":{"line":250,"column":83},"end":{"line":250,"column":114}}],"line":250},"39":{"loc":{"start":{"line":251,"column":4},"end":{"line":251,"column":123}},"type":"if","locations":[{"start":{"line":251,"column":4},"end":{"line":251,"column":123}},{"start":{},"end":{}}],"line":251},"40":{"loc":{"start":{"line":251,"column":8},"end":{"line":251,"column":108}},"type":"binary-expr","locations":[{"start":{"line":251,"column":8},"end":{"line":251,"column":30}},{"start":{"line":251,"column":34},"end":{"line":251,"column":75}},{"start":{"line":251,"column":79},"end":{"line":251,"column":108}}],"line":251},"41":{"loc":{"start":{"line":252,"column":4},"end":{"line":252,"column":105}},"type":"if","locations":[{"start":{"line":252,"column":4},"end":{"line":252,"column":105}},{"start":{},"end":{}}],"line":252},"42":{"loc":{"start":{"line":252,"column":8},"end":{"line":252,"column":90}},"type":"binary-expr","locations":[{"start":{"line":252,"column":8},"end":{"line":252,"column":21}},{"start":{"line":252,"column":25},"end":{"line":252,"column":45}},{"start":{"line":252,"column":49},"end":{"line":252,"column":90}}],"line":252},"43":{"loc":{"start":{"line":255,"column":4},"end":{"line":255,"column":75}},"type":"if","locations":[{"start":{"line":255,"column":4},"end":{"line":255,"column":75}},{"start":{},"end":{}}],"line":255},"44":{"loc":{"start":{"line":255,"column":8},"end":{"line":255,"column":60}},"type":"binary-expr","locations":[{"start":{"line":255,"column":8},"end":{"line":255,"column":22}},{"start":{"line":255,"column":26},"end":{"line":255,"column":60}}],"line":255},"45":{"loc":{"start":{"line":256,"column":4},"end":{"line":256,"column":79}},"type":"if","locations":[{"start":{"line":256,"column":4},"end":{"line":256,"column":79}},{"start":{},"end":{}}],"line":256},"46":{"loc":{"start":{"line":256,"column":8},"end":{"line":256,"column":64}},"type":"binary-expr","locations":[{"start":{"line":256,"column":8},"end":{"line":256,"column":24}},{"start":{"line":256,"column":28},"end":{"line":256,"column":64}}],"line":256},"47":{"loc":{"start":{"line":257,"column":4},"end":{"line":257,"column":142}},"type":"if","locations":[{"start":{"line":257,"column":4},"end":{"line":257,"column":142}},{"start":{},"end":{}}],"line":257},"48":{"loc":{"start":{"line":257,"column":8},"end":{"line":257,"column":127}},"type":"binary-expr","locations":[{"start":{"line":257,"column":8},"end":{"line":257,"column":32}},{"start":{"line":257,"column":37},"end":{"line":257,"column":69}},{"start":{"line":257,"column":73},"end":{"line":257,"column":126}}],"line":257},"49":{"loc":{"start":{"line":258,"column":4},"end":{"line":258,"column":133}},"type":"if","locations":[{"start":{"line":258,"column":4},"end":{"line":258,"column":133}},{"start":{},"end":{}}],"line":258},"50":{"loc":{"start":{"line":258,"column":8},"end":{"line":258,"column":118}},"type":"binary-expr","locations":[{"start":{"line":258,"column":8},"end":{"line":258,"column":29}},{"start":{"line":258,"column":34},"end":{"line":258,"column":63}},{"start":{"line":258,"column":67},"end":{"line":258,"column":117}}],"line":258},"51":{"loc":{"start":{"line":264,"column":4},"end":{"line":267,"column":5}},"type":"if","locations":[{"start":{"line":264,"column":4},"end":{"line":267,"column":5}},{"start":{},"end":{}}],"line":264},"52":{"loc":{"start":{"line":264,"column":8},"end":{"line":264,"column":44}},"type":"binary-expr","locations":[{"start":{"line":264,"column":8},"end":{"line":264,"column":16}},{"start":{"line":264,"column":20},"end":{"line":264,"column":44}}],"line":264},"53":{"loc":{"start":{"line":273,"column":19},"end":{"line":273,"column":73}},"type":"cond-expr","locations":[{"start":{"line":273,"column":38},"end":{"line":273,"column":61}},{"start":{"line":273,"column":64},"end":{"line":273,"column":73}}],"line":273},"54":{"loc":{"start":{"line":274,"column":22},"end":{"line":274,"column":93}},"type":"cond-expr","locations":[{"start":{"line":274,"column":59},"end":{"line":274,"column":84}},{"start":{"line":274,"column":87},"end":{"line":274,"column":93}}],"line":274},"55":{"loc":{"start":{"line":276,"column":21},"end":{"line":276,"column":71}},"type":"cond-expr","locations":[{"start":{"line":276,"column":38},"end":{"line":276,"column":59}},{"start":{"line":276,"column":62},"end":{"line":276,"column":71}}],"line":276},"56":{"loc":{"start":{"line":278,"column":10},"end":{"line":281,"column":14}},"type":"cond-expr","locations":[{"start":{"line":278,"column":41},"end":{"line":281,"column":9}},{"start":{"line":281,"column":12},"end":{"line":281,"column":14}}],"line":278},"57":{"loc":{"start":{"line":287,"column":4},"end":{"line":290,"column":5}},"type":"if","locations":[{"start":{"line":287,"column":4},"end":{"line":290,"column":5}},{"start":{},"end":{}}],"line":287},"58":{"loc":{"start":{"line":287,"column":8},"end":{"line":287,"column":44}},"type":"binary-expr","locations":[{"start":{"line":287,"column":8},"end":{"line":287,"column":16}},{"start":{"line":287,"column":20},"end":{"line":287,"column":44}}],"line":287},"59":{"loc":{"start":{"line":293,"column":8},"end":{"line":295,"column":9}},"type":"if","locations":[{"start":{"line":293,"column":8},"end":{"line":295,"column":9}},{"start":{},"end":{}}],"line":293},"60":{"loc":{"start":{"line":293,"column":12},"end":{"line":293,"column":85}},"type":"binary-expr","locations":[{"start":{"line":293,"column":12},"end":{"line":293,"column":22}},{"start":{"line":293,"column":26},"end":{"line":293,"column":43}},{"start":{"line":293,"column":47},"end":{"line":293,"column":85}}],"line":293},"61":{"loc":{"start":{"line":301,"column":19},"end":{"line":301,"column":73}},"type":"cond-expr","locations":[{"start":{"line":301,"column":38},"end":{"line":301,"column":61}},{"start":{"line":301,"column":64},"end":{"line":301,"column":73}}],"line":301},"62":{"loc":{"start":{"line":302,"column":22},"end":{"line":302,"column":93}},"type":"cond-expr","locations":[{"start":{"line":302,"column":59},"end":{"line":302,"column":84}},{"start":{"line":302,"column":87},"end":{"line":302,"column":93}}],"line":302},"63":{"loc":{"start":{"line":304,"column":21},"end":{"line":304,"column":71}},"type":"cond-expr","locations":[{"start":{"line":304,"column":38},"end":{"line":304,"column":59}},{"start":{"line":304,"column":62},"end":{"line":304,"column":71}}],"line":304},"64":{"loc":{"start":{"line":305,"column":29},"end":{"line":305,"column":99}},"type":"cond-expr","locations":[{"start":{"line":305,"column":53},"end":{"line":305,"column":81}},{"start":{"line":305,"column":84},"end":{"line":305,"column":99}}],"line":305},"65":{"loc":{"start":{"line":306,"column":31},"end":{"line":306,"column":104}},"type":"cond-expr","locations":[{"start":{"line":306,"column":57},"end":{"line":306,"column":87}},{"start":{"line":306,"column":90},"end":{"line":306,"column":104}}],"line":306},"66":{"loc":{"start":{"line":307,"column":10},"end":{"line":307,"column":106}},"type":"cond-expr","locations":[{"start":{"line":307,"column":37},"end":{"line":307,"column":101}},{"start":{"line":307,"column":104},"end":{"line":307,"column":106}}],"line":307},"67":{"loc":{"start":{"line":308,"column":10},"end":{"line":311,"column":14}},"type":"cond-expr","locations":[{"start":{"line":308,"column":34},"end":{"line":311,"column":9}},{"start":{"line":311,"column":12},"end":{"line":311,"column":14}}],"line":308},"68":{"loc":{"start":{"line":310,"column":35},"end":{"line":310,"column":108}},"type":"cond-expr","locations":[{"start":{"line":310,"column":61},"end":{"line":310,"column":91}},{"start":{"line":310,"column":94},"end":{"line":310,"column":108}}],"line":310},"69":{"loc":{"start":{"line":316,"column":0},"end":{"line":324,"column":1}},"type":"if","locations":[{"start":{"line":316,"column":0},"end":{"line":324,"column":1}},{"start":{},"end":{}}],"line":316}},"s":{"0":0,"1":0,"2":0,"3":0,"4":0,"5":0,"6":0,"7":0,"8":0,"9":0,"10":0,"11":0,"12":0,"13":0,"14":0,"15":0,"16":0,"17":0,"18":0,"19":0,"20":0,"21":0,"22":0,"23":0,"24":0,"25":0,"26":0,"27":0,"28":0,"29":0,"30":0,"31":0,"32":0,"33":0,"34":0,"35":0,"36":0,"37":0,"38":0,"39":0,"40":0,"41":0,"42":0,"43":0,"44":0,"45":0,"46":0,"47":0,"48":0,"49":0,"50":0,"51":0,"52":0,"53":0,"54":0,"55":0,"56":0,"57":0,"58":0,"59":0,"60":0,"61":0,"62":0,"63":0,"64":0,"65":0,"66":0,"67":0,"68":0,"69":0,"70":0,"71":0,"72":0,"73":0,"74":0,"75":0,"76":0,"77":0,"78":0,"79":0,"80":0,"81":0,"82":0,"83":0,"84":0,"85":0,"86":0,"87":0,"88":0,"89":0,"90":0,"91":0,"92":0,"93":0,"94":0,"95":0,"96":0,"97":0,"98":0,"99":0,"100":0,"101":0,"102":0,"103":0,"104":0,"105":0,"106":0,"107":0,"108":0,"109":0,"110":0,"111":0,"112":0,"113":0,"114":0,"115":0,"116":0,"117":0,"118":0,"119":0,"120":0,"121":0,"122":0,"123":0,"124":0,"125":0,"126":0,"127":0,"128":0,"129":0,"130":0,"131":0,"132":0,"133":0,"134":0,"135":0,"136":0,"137":0,"138":0,"139":0,"140":0,"141":0,"142":0,"143":0,"144":0,"145":0,"146":0,"147":0,"148":0,"149":0,"150":0,"151":0,"152":0,"153":0,"154":0,"155":0,"156":0,"157":0,"158":0,"159":0,"160":0,"161":0,"162":0,"163":0,"164":0,"165":0,"166":0},"f":{"0":0,"1":0,"2":0,"3":0,"4":0,"5":0,"6":0,"7":0,"8":0,"9":0,"10":0},"b":{"0":[0,0],"1":[0,0],"2":[0,0],"3":[0,0],"4":[0,0],"5":[0,0],"6":[0,0],"7":[0,0],"8":[0,0],"9":[0,0],"10":[0,0],"11":[0,0],"12":[0,0],"13":[0,0],"14":[0,0],"15":[0,0],"16":[0,0],"17":[0,0],"18":[0,0],"19":[0,0],"20":[0,0],"21":[0,0],"22":[0,0],"23":[0,0],"24":[0,0],"25":[0,0],"26":[0,0],"27":[0,0],"28":[0,0],"29":[0,0],"30":[0,0],"31":[0,0],"32":[0,0],"33":[0,0],"34":[0,0],"35":[0,0],"36":[0,0,0],"37":[0,0],"38":[0,0,0],"39":[0,0],"40":[0,0,0],"41":[0,0],"42":[0,0,0],"43":[0,0],"44":[0,0],"45":[0,0],"46":[0,0],"47":[0,0],"48":[0,0,0],"49":[0,0],"50":[0,0,0],"51":[0,0],"52":[0,0],"53":[0,0],"54":[0,0],"55":[0,0],"56":[0,0],"57":[0,0],"58":[0,0],"59":[0,0],"60":[0,0,0],"61":[0,0],"62":[0,0],"63":[0,0],"64":[0,0],"65":[0,0],"66":[0,0],"67":[0,0],"68":[0,0],"69":[0,0]}}
,"C:\\Users\\RC_Student_lab\\Desktop\\Kubadu Admin\\public_html\\js\\manageRequest.js": {"path":"C:\\Users\\RC_Student_lab\\Desktop\\Kubadu Admin\\public_html\\js\\manageRequest.js","statementMap":{"0":{"start":{"line":8,"column":23},"end":{"line":16,"column":1}},"1":{"start":{"line":20,"column":0},"end":{"line":28,"column":1}},"2":{"start":{"line":21,"column":4},"end":{"line":21,"column":40}},"3":{"start":{"line":23,"column":4},"end":{"line":27,"column":5}},"4":{"start":{"line":24,"column":8},"end":{"line":24,"column":23}},"5":{"start":{"line":26,"column":8},"end":{"line":26,"column":20}},"6":{"start":{"line":30,"column":20},"end":{"line":30,"column":32}},"7":{"start":{"line":31,"column":18},"end":{"line":31,"column":35}},"8":{"start":{"line":32,"column":23},"end":{"line":32,"column":38}},"9":{"start":{"line":36,"column":20},"end":{"line":36,"column":41}},"10":{"start":{"line":37,"column":19},"end":{"line":37,"column":23}},"11":{"start":{"line":38,"column":4},"end":{"line":46,"column":5}},"12":{"start":{"line":39,"column":25},"end":{"line":39,"column":51}},"13":{"start":{"line":40,"column":8},"end":{"line":40,"column":40}},"14":{"start":{"line":41,"column":8},"end":{"line":41,"column":44}},"15":{"start":{"line":42,"column":8},"end":{"line":42,"column":24}},"16":{"start":{"line":44,"column":8},"end":{"line":44,"column":57}},"17":{"start":{"line":45,"column":8},"end":{"line":45,"column":20}},"18":{"start":{"line":50,"column":18},"end":{"line":50,"column":58}},"19":{"start":{"line":51,"column":19},"end":{"line":51,"column":59}},"20":{"start":{"line":52,"column":25},"end":{"line":52,"column":64}},"21":{"start":{"line":54,"column":4},"end":{"line":66,"column":5}},"22":{"start":{"line":55,"column":8},"end":{"line":55,"column":25}},"23":{"start":{"line":56,"column":8},"end":{"line":56,"column":39}},"24":{"start":{"line":57,"column":8},"end":{"line":57,"column":44}},"25":{"start":{"line":58,"column":11},"end":{"line":66,"column":5}},"26":{"start":{"line":59,"column":8},"end":{"line":59,"column":31}},"27":{"start":{"line":60,"column":8},"end":{"line":60,"column":45}},"28":{"start":{"line":61,"column":8},"end":{"line":61,"column":38}},"29":{"start":{"line":63,"column":8},"end":{"line":63,"column":84}},"30":{"start":{"line":64,"column":8},"end":{"line":64,"column":35}},"31":{"start":{"line":65,"column":8},"end":{"line":65,"column":15}},"32":{"start":{"line":68,"column":4},"end":{"line":68,"column":34}},"33":{"start":{"line":72,"column":18},"end":{"line":72,"column":58}},"34":{"start":{"line":73,"column":4},"end":{"line":73,"column":33}},"35":{"start":{"line":78,"column":4},"end":{"line":89,"column":5}},"36":{"start":{"line":79,"column":32},"end":{"line":79,"column":63}},"37":{"start":{"line":80,"column":8},"end":{"line":85,"column":11}},"38":{"start":{"line":86,"column":8},"end":{"line":86,"column":54}},"39":{"start":{"line":88,"column":8},"end":{"line":88,"column":60}},"40":{"start":{"line":93,"column":4},"end":{"line":96,"column":5}},"41":{"start":{"line":94,"column":8},"end":{"line":94,"column":46}},"42":{"start":{"line":95,"column":8},"end":{"line":95,"column":21}},"43":{"start":{"line":98,"column":4},"end":{"line":133,"column":5}},"44":{"start":{"line":99,"column":27},"end":{"line":99,"column":62}},"45":{"start":{"line":100,"column":27},"end":{"line":100,"column":51}},"46":{"start":{"line":102,"column":8},"end":{"line":105,"column":9}},"47":{"start":{"line":103,"column":12},"end":{"line":103,"column":56}},"48":{"start":{"line":104,"column":12},"end":{"line":104,"column":25}},"49":{"start":{"line":107,"column":28},"end":{"line":107,"column":45}},"50":{"start":{"line":110,"column":26},"end":{"line":110,"column":53}},"51":{"start":{"line":111,"column":28},"end":{"line":111,"column":79}},"52":{"start":{"line":111,"column":66},"end":{"line":111,"column":78}},"53":{"start":{"line":113,"column":8},"end":{"line":116,"column":9}},"54":{"start":{"line":114,"column":12},"end":{"line":114,"column":77}},"55":{"start":{"line":115,"column":12},"end":{"line":115,"column":25}},"56":{"start":{"line":119,"column":8},"end":{"line":123,"column":11}},"57":{"start":{"line":126,"column":8},"end":{"line":126,"column":58}},"58":{"start":{"line":128,"column":8},"end":{"line":128,"column":53}},"59":{"start":{"line":129,"column":8},"end":{"line":129,"column":20}},"60":{"start":{"line":131,"column":8},"end":{"line":131,"column":57}},"61":{"start":{"line":132,"column":8},"end":{"line":132,"column":21}},"62":{"start":{"line":137,"column":4},"end":{"line":140,"column":5}},"63":{"start":{"line":138,"column":8},"end":{"line":138,"column":53}},"64":{"start":{"line":139,"column":8},"end":{"line":139,"column":21}},"65":{"start":{"line":142,"column":4},"end":{"line":160,"column":5}},"66":{"start":{"line":143,"column":27},"end":{"line":143,"column":57}},"67":{"start":{"line":145,"column":8},"end":{"line":150,"column":11}},"68":{"start":{"line":153,"column":8},"end":{"line":153,"column":43}},"69":{"start":{"line":155,"column":8},"end":{"line":155,"column":51}},"70":{"start":{"line":156,"column":8},"end":{"line":156,"column":20}},"71":{"start":{"line":158,"column":8},"end":{"line":158,"column":55}},"72":{"start":{"line":159,"column":8},"end":{"line":159,"column":21}},"73":{"start":{"line":165,"column":4},"end":{"line":186,"column":5}},"74":{"start":{"line":166,"column":28},"end":{"line":166,"column":54}},"75":{"start":{"line":167,"column":18},"end":{"line":167,"column":70}},"76":{"start":{"line":170,"column":8},"end":{"line":179,"column":11}},"77":{"start":{"line":171,"column":33},"end":{"line":171,"column":73}},"78":{"start":{"line":172,"column":12},"end":{"line":172,"column":40}},"79":{"start":{"line":174,"column":12},"end":{"line":178,"column":15}},"80":{"start":{"line":175,"column":29},"end":{"line":175,"column":39}},"81":{"start":{"line":176,"column":34},"end":{"line":176,"column":72}},"82":{"start":{"line":177,"column":16},"end":{"line":177,"column":58}},"83":{"start":{"line":181,"column":8},"end":{"line":181,"column":48}},"84":{"start":{"line":182,"column":8},"end":{"line":182,"column":20}},"85":{"start":{"line":184,"column":8},"end":{"line":184,"column":65}},"86":{"start":{"line":185,"column":8},"end":{"line":185,"column":21}},"87":{"start":{"line":190,"column":25},"end":{"line":190,"column":65}},"88":{"start":{"line":191,"column":16},"end":{"line":191,"column":44}},"89":{"start":{"line":192,"column":4},"end":{"line":192,"column":32}},"90":{"start":{"line":194,"column":4},"end":{"line":210,"column":6}},"91":{"start":{"line":212,"column":4},"end":{"line":212,"column":34}},"92":{"start":{"line":213,"column":4},"end":{"line":213,"column":42}},"93":{"start":{"line":217,"column":30},"end":{"line":217,"column":77}},"94":{"start":{"line":218,"column":26},"end":{"line":218,"column":50}},"95":{"start":{"line":220,"column":4},"end":{"line":223,"column":5}},"96":{"start":{"line":221,"column":8},"end":{"line":221,"column":70}},"97":{"start":{"line":222,"column":8},"end":{"line":222,"column":15}},"98":{"start":{"line":225,"column":15},"end":{"line":225,"column":40}},"99":{"start":{"line":226,"column":4},"end":{"line":235,"column":7}},"100":{"start":{"line":227,"column":8},"end":{"line":234,"column":10}},"101":{"start":{"line":236,"column":4},"end":{"line":236,"column":20}},"102":{"start":{"line":238,"column":4},"end":{"line":238,"column":39}},"103":{"start":{"line":242,"column":26},"end":{"line":242,"column":69}},"104":{"start":{"line":243,"column":22},"end":{"line":243,"column":42}},"105":{"start":{"line":245,"column":4},"end":{"line":248,"column":5}},"106":{"start":{"line":246,"column":8},"end":{"line":246,"column":62}},"107":{"start":{"line":247,"column":8},"end":{"line":247,"column":15}},"108":{"start":{"line":250,"column":15},"end":{"line":250,"column":40}},"109":{"start":{"line":251,"column":4},"end":{"line":265,"column":5}},"110":{"start":{"line":252,"column":8},"end":{"line":264,"column":10}},"111":{"start":{"line":266,"column":4},"end":{"line":266,"column":20}},"112":{"start":{"line":268,"column":4},"end":{"line":268,"column":35}},"113":{"start":{"line":274,"column":33},"end":{"line":274,"column":80}},"114":{"start":{"line":275,"column":30},"end":{"line":275,"column":77}},"115":{"start":{"line":277,"column":4},"end":{"line":283,"column":7}},"116":{"start":{"line":278,"column":25},"end":{"line":278,"column":67}},"117":{"start":{"line":279,"column":8},"end":{"line":279,"column":70}},"118":{"start":{"line":280,"column":8},"end":{"line":282,"column":9}},"119":{"start":{"line":281,"column":12},"end":{"line":281,"column":49}},"120":{"start":{"line":286,"column":29},"end":{"line":286,"column":72}},"121":{"start":{"line":287,"column":26},"end":{"line":287,"column":69}},"122":{"start":{"line":289,"column":4},"end":{"line":295,"column":7}},"123":{"start":{"line":290,"column":25},"end":{"line":290,"column":63}},"124":{"start":{"line":291,"column":8},"end":{"line":291,"column":66}},"125":{"start":{"line":292,"column":8},"end":{"line":294,"column":9}},"126":{"start":{"line":293,"column":12},"end":{"line":293,"column":45}},"127":{"start":{"line":298,"column":4},"end":{"line":314,"column":7}},"128":{"start":{"line":299,"column":8},"end":{"line":313,"column":9}},"129":{"start":{"line":300,"column":28},"end":{"line":300,"column":64}},"130":{"start":{"line":301,"column":28},"end":{"line":301,"column":88}},"131":{"start":{"line":303,"column":12},"end":{"line":312,"column":13}},"132":{"start":{"line":304,"column":35},"end":{"line":304,"column":61}},"133":{"start":{"line":305,"column":16},"end":{"line":307,"column":19}},"134":{"start":{"line":308,"column":16},"end":{"line":308,"column":72}},"135":{"start":{"line":310,"column":16},"end":{"line":310,"column":78}},"136":{"start":{"line":311,"column":16},"end":{"line":311,"column":53}},"137":{"start":{"line":317,"column":4},"end":{"line":323,"column":7}},"138":{"start":{"line":318,"column":8},"end":{"line":322,"column":9}},"139":{"start":{"line":319,"column":24},"end":{"line":319,"column":44}},"140":{"start":{"line":320,"column":29},"end":{"line":320,"column":51}},"141":{"start":{"line":321,"column":12},"end":{"line":321,"column":45}},"142":{"start":{"line":326,"column":23},"end":{"line":326,"column":67}},"143":{"start":{"line":327,"column":4},"end":{"line":331,"column":7}},"144":{"start":{"line":328,"column":8},"end":{"line":330,"column":9}},"145":{"start":{"line":329,"column":12},"end":{"line":329,"column":32}},"146":{"start":{"line":334,"column":20},"end":{"line":334,"column":61}},"147":{"start":{"line":335,"column":4},"end":{"line":340,"column":7}},"148":{"start":{"line":336,"column":23},"end":{"line":336,"column":68}},"149":{"start":{"line":337,"column":8},"end":{"line":339,"column":9}},"150":{"start":{"line":338,"column":12},"end":{"line":338,"column":32}}},"fnMap":{"0":{"name":"getFileType","decl":{"start":{"line":35,"column":22},"end":{"line":35,"column":33}},"loc":{"start":{"line":35,"column":43},"end":{"line":47,"column":1}},"line":35},"1":{"name":"openDocumentModal","decl":{"start":{"line":49,"column":16},"end":{"line":49,"column":33}},"loc":{"start":{"line":49,"column":49},"end":{"line":69,"column":1}},"line":49},"2":{"name":"closeModal","decl":{"start":{"line":71,"column":16},"end":{"line":71,"column":26}},"loc":{"start":{"line":71,"column":29},"end":{"line":74,"column":1}},"line":71},"3":{"name":"notifyUser","decl":{"start":{"line":77,"column":22},"end":{"line":77,"column":32}},"loc":{"start":{"line":77,"column":54},"end":{"line":90,"column":1}},"line":77},"4":{"name":"approveRequest","decl":{"start":{"line":92,"column":22},"end":{"line":92,"column":36}},"loc":{"start":{"line":92,"column":63},"end":{"line":134,"column":1}},"line":92},"5":{"name":"(anonymous_5)","decl":{"start":{"line":111,"column":59},"end":{"line":111,"column":60}},"loc":{"start":{"line":111,"column":66},"end":{"line":111,"column":78}},"line":111},"6":{"name":"denyRequest","decl":{"start":{"line":136,"column":22},"end":{"line":136,"column":33}},"loc":{"start":{"line":136,"column":61},"end":{"line":161,"column":1}},"line":136},"7":{"name":"initializeRequestList","decl":{"start":{"line":164,"column":22},"end":{"line":164,"column":43}},"loc":{"start":{"line":164,"column":46},"end":{"line":187,"column":1}},"line":164},"8":{"name":"(anonymous_8)","decl":{"start":{"line":170,"column":22},"end":{"line":170,"column":23}},"loc":{"start":{"line":170,"column":36},"end":{"line":179,"column":9}},"line":170},"9":{"name":"(anonymous_9)","decl":{"start":{"line":174,"column":29},"end":{"line":174,"column":30}},"loc":{"start":{"line":174,"column":38},"end":{"line":178,"column":13}},"line":174},"10":{"name":"createRequestRow","decl":{"start":{"line":189,"column":16},"end":{"line":189,"column":32}},"loc":{"start":{"line":189,"column":57},"end":{"line":214,"column":1}},"line":189},"11":{"name":"setupBeneficiaries","decl":{"start":{"line":216,"column":16},"end":{"line":216,"column":34}},"loc":{"start":{"line":216,"column":53},"end":{"line":239,"column":1}},"line":216},"12":{"name":"(anonymous_12)","decl":{"start":{"line":226,"column":26},"end":{"line":226,"column":27}},"loc":{"start":{"line":226,"column":41},"end":{"line":235,"column":5}},"line":226},"13":{"name":"setupDocuments","decl":{"start":{"line":241,"column":16},"end":{"line":241,"column":30}},"loc":{"start":{"line":241,"column":49},"end":{"line":269,"column":1}},"line":241},"14":{"name":"setupEventListeners","decl":{"start":{"line":272,"column":16},"end":{"line":272,"column":35}},"loc":{"start":{"line":272,"column":61},"end":{"line":341,"column":1}},"line":272},"15":{"name":"(anonymous_15)","decl":{"start":{"line":277,"column":51},"end":{"line":277,"column":52}},"loc":{"start":{"line":277,"column":57},"end":{"line":283,"column":5}},"line":277},"16":{"name":"(anonymous_16)","decl":{"start":{"line":289,"column":47},"end":{"line":289,"column":48}},"loc":{"start":{"line":289,"column":53},"end":{"line":295,"column":5}},"line":289},"17":{"name":"(anonymous_17)","decl":{"start":{"line":298,"column":45},"end":{"line":298,"column":46}},"loc":{"start":{"line":298,"column":58},"end":{"line":314,"column":5}},"line":298},"18":{"name":"(anonymous_18)","decl":{"start":{"line":317,"column":44},"end":{"line":317,"column":45}},"loc":{"start":{"line":317,"column":57},"end":{"line":323,"column":5}},"line":317},"19":{"name":"(anonymous_19)","decl":{"start":{"line":327,"column":41},"end":{"line":327,"column":42}},"loc":{"start":{"line":327,"column":53},"end":{"line":331,"column":5}},"line":327},"20":{"name":"(anonymous_20)","decl":{"start":{"line":335,"column":38},"end":{"line":335,"column":39}},"loc":{"start":{"line":335,"column":50},"end":{"line":340,"column":5}},"line":335}},"branchMap":{"0":{"loc":{"start":{"line":23,"column":4},"end":{"line":27,"column":5}},"type":"if","locations":[{"start":{"line":23,"column":4},"end":{"line":27,"column":5}},{"start":{"line":25,"column":11},"end":{"line":27,"column":5}}],"line":23},"1":{"loc":{"start":{"line":54,"column":4},"end":{"line":66,"column":5}},"type":"if","locations":[{"start":{"line":54,"column":4},"end":{"line":66,"column":5}},{"start":{"line":58,"column":11},"end":{"line":66,"column":5}}],"line":54},"2":{"loc":{"start":{"line":58,"column":11},"end":{"line":66,"column":5}},"type":"if","locations":[{"start":{"line":58,"column":11},"end":{"line":66,"column":5}},{"start":{"line":62,"column":11},"end":{"line":66,"column":5}}],"line":58},"3":{"loc":{"start":{"line":58,"column":15},"end":{"line":58,"column":68}},"type":"binary-expr","locations":[{"start":{"line":58,"column":15},"end":{"line":58,"column":40}},{"start":{"line":58,"column":44},"end":{"line":58,"column":68}}],"line":58},"4":{"loc":{"start":{"line":93,"column":4},"end":{"line":96,"column":5}},"type":"if","locations":[{"start":{"line":93,"column":4},"end":{"line":96,"column":5}},{"start":{},"end":{}}],"line":93},"5":{"loc":{"start":{"line":93,"column":8},"end":{"line":93,"column":39}},"type":"binary-expr","locations":[{"start":{"line":93,"column":8},"end":{"line":93,"column":20}},{"start":{"line":93,"column":24},"end":{"line":93,"column":39}}],"line":93},"6":{"loc":{"start":{"line":102,"column":8},"end":{"line":105,"column":9}},"type":"if","locations":[{"start":{"line":102,"column":8},"end":{"line":105,"column":9}},{"start":{},"end":{}}],"line":102},"7":{"loc":{"start":{"line":110,"column":26},"end":{"line":110,"column":53}},"type":"binary-expr","locations":[{"start":{"line":110,"column":26},"end":{"line":110,"column":47}},{"start":{"line":110,"column":51},"end":{"line":110,"column":53}}],"line":110},"8":{"loc":{"start":{"line":113,"column":8},"end":{"line":116,"column":9}},"type":"if","locations":[{"start":{"line":113,"column":8},"end":{"line":116,"column":9}},{"start":{},"end":{}}],"line":113},"9":{"loc":{"start":{"line":137,"column":4},"end":{"line":140,"column":5}},"type":"if","locations":[{"start":{"line":137,"column":4},"end":{"line":140,"column":5}},{"start":{},"end":{}}],"line":137},"10":{"loc":{"start":{"line":137,"column":8},"end":{"line":137,"column":40}},"type":"binary-expr","locations":[{"start":{"line":137,"column":8},"end":{"line":137,"column":18}},{"start":{"line":137,"column":22},"end":{"line":137,"column":29}},{"start":{"line":137,"column":33},"end":{"line":137,"column":40}}],"line":137},"11":{"loc":{"start":{"line":176,"column":34},"end":{"line":176,"column":72}},"type":"binary-expr","locations":[{"start":{"line":176,"column":34},"end":{"line":176,"column":58}},{"start":{"line":176,"column":62},"end":{"line":176,"column":72}}],"line":176},"12":{"loc":{"start":{"line":218,"column":26},"end":{"line":218,"column":50}},"type":"binary-expr","locations":[{"start":{"line":218,"column":26},"end":{"line":218,"column":44}},{"start":{"line":218,"column":48},"end":{"line":218,"column":50}}],"line":218},"13":{"loc":{"start":{"line":220,"column":4},"end":{"line":223,"column":5}},"type":"if","locations":[{"start":{"line":220,"column":4},"end":{"line":223,"column":5}},{"start":{},"end":{}}],"line":220},"14":{"loc":{"start":{"line":243,"column":22},"end":{"line":243,"column":42}},"type":"binary-expr","locations":[{"start":{"line":243,"column":22},"end":{"line":243,"column":36}},{"start":{"line":243,"column":40},"end":{"line":243,"column":42}}],"line":243},"15":{"loc":{"start":{"line":245,"column":4},"end":{"line":248,"column":5}},"type":"if","locations":[{"start":{"line":245,"column":4},"end":{"line":248,"column":5}},{"start":{},"end":{}}],"line":245},"16":{"loc":{"start":{"line":260,"column":29},"end":{"line":260,"column":62}},"type":"cond-expr","locations":[{"start":{"line":260,"column":48},"end":{"line":260,"column":57}},{"start":{"line":260,"column":60},"end":{"line":260,"column":62}}],"line":260},"17":{"loc":{"start":{"line":279,"column":42},"end":{"line":279,"column":69}},"type":"cond-expr","locations":[{"start":{"line":279,"column":53},"end":{"line":279,"column":60}},{"start":{"line":279,"column":63},"end":{"line":279,"column":69}}],"line":279},"18":{"loc":{"start":{"line":280,"column":8},"end":{"line":282,"column":9}},"type":"if","locations":[{"start":{"line":280,"column":8},"end":{"line":282,"column":9}},{"start":{},"end":{}}],"line":280},"19":{"loc":{"start":{"line":291,"column":38},"end":{"line":291,"column":65}},"type":"cond-expr","locations":[{"start":{"line":291,"column":49},"end":{"line":291,"column":56}},{"start":{"line":291,"column":59},"end":{"line":291,"column":65}}],"line":291},"20":{"loc":{"start":{"line":292,"column":8},"end":{"line":294,"column":9}},"type":"if","locations":[{"start":{"line":292,"column":8},"end":{"line":294,"column":9}},{"start":{},"end":{}}],"line":292},"21":{"loc":{"start":{"line":299,"column":8},"end":{"line":313,"column":9}},"type":"if","locations":[{"start":{"line":299,"column":8},"end":{"line":313,"column":9}},{"start":{},"end":{}}],"line":299},"22":{"loc":{"start":{"line":318,"column":8},"end":{"line":322,"column":9}},"type":"if","locations":[{"start":{"line":318,"column":8},"end":{"line":322,"column":9}},{"start":{},"end":{}}],"line":318},"23":{"loc":{"start":{"line":328,"column":8},"end":{"line":330,"column":9}},"type":"if","locations":[{"start":{"line":328,"column":8},"end":{"line":330,"column":9}},{"start":{},"end":{}}],"line":328},"24":{"loc":{"start":{"line":337,"column":8},"end":{"line":339,"column":9}},"type":"if","locations":[{"start":{"line":337,"column":8},"end":{"line":339,"column":9}},{"start":{},"end":{}}],"line":337},"25":{"loc":{"start":{"line":337,"column":12},"end":{"line":337,"column":67}},"type":"binary-expr","locations":[{"start":{"line":337,"column":12},"end":{"line":337,"column":18}},{"start":{"line":337,"column":22},"end":{"line":337,"column":67}}],"line":337}},"s":{"0":0,"1":0,"2":0,"3":0,"4":0,"5":0,"6":0,"7":0,"8":0,"9":0,"10":0,"11":0,"12":0,"13":0,"14":0,"15":0,"16":0,"17":0,"18":0,"19":0,"20":0,"21":0,"22":0,"23":0,"24":0,"25":0,"26":0,"27":0,"28":0,"29":0,"30":0,"31":0,"32":0,"33":0,"34":0,"35":0,"36":0,"37":0,"38":0,"39":0,"40":0,"41":0,"42":0,"43":0,"44":0,"45":0,"46":0,"47":0,"48":0,"49":0,"50":0,"51":0,"52":0,"53":0,"54":0,"55":0,"56":0,"57":0,"58":0,"59":0,"60":0,"61":0,"62":0,"63":0,"64":0,"65":0,"66":0,"67":0,"68":0,"69":0,"70":0,"71":0,"72":0,"73":0,"74":0,"75":0,"76":0,"77":0,"78":0,"79":0,"80":0,"81":0,"82":0,"83":0,"84":0,"85":0,"86":0,"87":0,"88":0,"89":0,"90":0,"91":0,"92":0,"93":0,"94":0,"95":0,"96":0,"97":0,"98":0,"99":0,"100":0,"101":0,"102":0,"103":0,"104":0,"105":0,"106":0,"107":0,"108":0,"109":0,"110":0,"111":0,"112":0,"113":0,"114":0,"115":0,"116":0,"117":0,"118":0,"119":0,"120":0,"121":0,"122":0,"123":0,"124":0,"125":0,"126":0,"127":0,"128":0,"129":0,"130":0,"131":0,"132":0,"133":0,"134":0,"135":0,"136":0,"137":0,"138":0,"139":0,"140":0,"141":0,"142":0,"143":0,"144":0,"145":0,"146":0,"147":0,"148":0,"149":0,"150":0},"f":{"0":0,"1":0,"2":0,"3":0,"4":0,"5":0,"6":0,"7":0,"8":0,"9":0,"10":0,"11":0,"12":0,"13":0,"14":0,"15":0,"16":0,"17":0,"18":0,"19":0,"20":0},"b":{"0":[0,0],"1":[0,0],"2":[0,0],"3":[0,0],"4":[0,0],"5":[0,0],"6":[0,0],"7":[0,0],"8":[0,0],"9":[0,0],"10":[0,0,0],"11":[0,0],"12":[0,0],"13":[0,0],"14":[0,0],"15":[0,0],"16":[0,0],"17":[0,0],"18":[0,0],"19":[0,0],"20":[0,0],"21":[0,0],"22":[0,0],"23":[0,0],"24":[0,0],"25":[0,0]}}
}
