TN:
SF:public_html\js\auth.js
FN:5,(anonymous_0)
FN:15,(anonymous_1)
FN:26,(anonymous_2)
FNF:3
FNH:3
FNDA:4,(anonymous_0)
FNDA:4,(anonymous_1)
FNDA:2,(anonymous_2)
DA:4,3
DA:6,4
DA:7,4
DA:8,4
DA:9,2
DA:11,2
DA:16,4
DA:17,4
DA:18,4
DA:20,2
DA:22,2
DA:27,2
DA:28,2
DA:29,2
DA:30,1
DA:32,1
LF:16
LH:16
BRF:0
BRH:0
end_of_record
TN:
SF:public_html\js\domHandlers.js
FN:6,formatCurrency
FN:16,validateLoginForm
FN:22,(anonymous_2)
FN:30,(anonymous_3)
FN:40,initLoanCalculator
FN:49,(anonymous_5)
FN:67,calculateMonthlyPayment
FN:74,validateProfile
FN:80,(anonymous_8)
FN:88,(anonymous_9)
FN:98,initChat
FN:103,(anonymous_11)
FNF:12
FNH:12
FNDA:2,formatCurrency
FNDA:2,validateLoginForm
FNDA:1,(anonymous_2)
FNDA:1,(anonymous_3)
FNDA:2,initLoanCalculator
FNDA:2,(anonymous_5)
FNDA:2,calculateMonthlyPayment
FNDA:2,validateProfile
FNDA:2,(anonymous_8)
FNDA:2,(anonymous_9)
FNDA:2,initChat
FNDA:2,(anonymous_11)
DA:7,2
DA:17,2
DA:18,2
DA:19,2
DA:20,2
DA:22,2
DA:23,1
DA:24,1
DA:26,0
DA:30,2
DA:31,1
DA:32,1
DA:34,0
DA:41,2
DA:42,2
DA:43,2
DA:44,2
DA:45,2
DA:46,2
DA:47,2
DA:49,2
DA:50,2
DA:51,2
DA:52,2
DA:53,2
DA:55,2
DA:57,2
DA:58,1
DA:59,1
DA:62,1
DA:63,1
DA:68,2
DA:69,2
DA:75,2
DA:76,2
DA:77,2
DA:78,2
DA:80,2
DA:81,2
DA:82,1
DA:84,1
DA:88,2
DA:89,2
DA:90,1
DA:92,1
DA:99,2
DA:100,2
DA:101,2
DA:103,2
DA:104,2
DA:105,2
DA:106,1
DA:107,1
DA:108,1
DA:109,1
DA:110,1
LF:56
LH:54
BRDA:23,0,0,1
BRDA:23,0,1,0
BRDA:31,1,0,1
BRDA:31,1,1,0
BRDA:57,2,0,1
BRDA:57,2,1,1
BRDA:67,3,0,2
BRDA:81,4,0,1
BRDA:81,4,1,1
BRDA:89,5,0,1
BRDA:89,5,1,1
BRDA:105,6,0,1
BRDA:105,6,1,1
BRF:13
BRH:11
end_of_record
TN:
SF:public_html\js\forms.js
FN:3,(anonymous_0)
FN:8,(anonymous_1)
FN:14,(anonymous_2)
FN:19,(anonymous_3)
FN:28,(anonymous_4)
FNF:5
FNH:5
FNDA:7,(anonymous_0)
FNDA:6,(anonymous_1)
FNDA:5,(anonymous_2)
FNDA:2,(anonymous_3)
FNDA:1,(anonymous_4)
DA:2,1
DA:4,7
DA:5,7
DA:10,6
DA:11,6
DA:16,5
DA:20,2
DA:21,3
DA:22,1
DA:25,1
DA:29,1
DA:30,1
DA:31,1
DA:32,2
DA:34,1
LF:15
LH:15
BRDA:21,0,0,1
BRDA:21,0,1,2
BRF:2
BRH:2
end_of_record
TN:
SF:public_html\js\loans.js
FN:3,(anonymous_0)
FN:24,(anonymous_1)
FN:56,(anonymous_2)
FN:63,(anonymous_3)
FNF:4
FNH:4
FNDA:10,(anonymous_0)
FNDA:6,(anonymous_1)
FNDA:3,(anonymous_2)
FNDA:3,(anonymous_3)
DA:2,1
DA:5,10
DA:6,1
DA:8,9
DA:9,1
DA:11,8
DA:12,1
DA:15,7
DA:16,7
DA:18,7
DA:25,6
DA:28,6
DA:29,0
DA:33,6
DA:34,1
DA:38,6
DA:39,0
DA:43,6
DA:44,6
DA:45,6
DA:46,2
DA:50,6
DA:57,3
DA:64,3
DA:65,3
DA:67,3
DA:68,1
DA:71,2
DA:72,1
DA:73,1
DA:76,1
LF:31
LH:29
BRDA:5,0,0,1
BRDA:5,0,1,9
BRDA:8,1,0,1
BRDA:8,1,1,8
BRDA:11,2,0,1
BRDA:11,2,1,7
BRDA:28,3,0,0
BRDA:28,3,1,6
BRDA:28,4,0,6
BRDA:28,4,1,6
BRDA:33,5,0,1
BRDA:33,5,1,5
BRDA:33,6,0,6
BRDA:33,6,1,6
BRDA:33,6,2,6
BRDA:38,7,0,0
BRDA:38,7,1,6
BRDA:38,8,0,6
BRDA:38,8,1,6
BRDA:43,9,0,6
BRDA:43,9,1,0
BRDA:43,10,0,6
BRDA:43,10,1,6
BRDA:45,11,0,2
BRDA:45,11,1,4
BRDA:67,12,0,1
BRDA:67,12,1,2
BRDA:71,13,0,1
BRDA:71,13,1,1
BRF:29
BRH:26
end_of_record
