TN:
SF:public_html\js\manageClaims.js
FN:14,loadClaims
FN:23,(anonymous_1)
FN:35,viewClaimDetails
FN:52,approveClaim
FN:81,rejectClaim
FN:107,createClaimElement
FN:123,createClaimDetailsHTML
FN:137,areDocumentsVerified
FN:139,(anonymous_8)
FNF:9
FNH:0
FNDA:0,loadClaims
FNDA:0,(anonymous_1)
FNDA:0,viewClaimDetails
FNDA:0,approveClaim
FNDA:0,rejectClaim
FNDA:0,createClaimElement
FNDA:0,createClaimDetailsHTML
FNDA:0,areDocumentsVerified
FNDA:0,(anonymous_8)
DA:6,0
DA:10,0
DA:11,0
DA:15,0
DA:16,0
DA:18,0
DA:19,0
DA:20,0
DA:21,0
DA:23,0
DA:24,0
DA:26,0
DA:27,0
DA:30,0
DA:31,0
DA:36,0
DA:37,0
DA:39,0
DA:40,0
DA:42,0
DA:43,0
DA:44,0
DA:47,0
DA:48,0
DA:53,0
DA:54,0
DA:55,0
DA:57,0
DA:58,0
DA:61,0
DA:62,0
DA:63,0
DA:64,0
DA:67,0
DA:73,0
DA:74,0
DA:76,0
DA:77,0
DA:82,0
DA:83,0
DA:84,0
DA:86,0
DA:87,0
DA:88,0
DA:91,0
DA:98,0
DA:99,0
DA:101,0
DA:102,0
DA:108,0
DA:109,0
DA:110,0
DA:120,0
DA:124,0
DA:138,0
DA:139,0
DA:143,0
DA:144,0
LF:58
LH:0
BRDA:39,0,0,0
BRDA:39,0,1,0
BRDA:57,1,0,0
BRDA:57,1,1,0
BRDA:62,2,0,0
BRDA:62,2,1,0
BRDA:86,3,0,0
BRDA:86,3,1,0
BRDA:115,4,0,0
BRDA:115,4,1,0
BRDA:131,5,0,0
BRDA:131,5,1,0
BRDA:132,6,0,0
BRDA:132,6,1,0
BRDA:133,7,0,0
BRDA:133,7,1,0
BRDA:138,8,0,0
BRDA:138,8,1,0
BRDA:143,9,0,0
BRDA:143,9,1,0
BRF:20
BRH:0
end_of_record
TN:
SF:public_html\js\manageLoans.js
FN:14,loadLoans
FN:23,(anonymous_1)
FN:35,viewLoanDetails
FN:53,approveLoan
FN:84,rejectLoan
FN:102,createLoanElement
FN:118,createLoanDetailsHTML
FN:131,areDocumentsVerified
FN:133,(anonymous_8)
FNF:9
FNH:0
FNDA:0,loadLoans
FNDA:0,(anonymous_1)
FNDA:0,viewLoanDetails
FNDA:0,approveLoan
FNDA:0,rejectLoan
FNDA:0,createLoanElement
FNDA:0,createLoanDetailsHTML
FNDA:0,areDocumentsVerified
FNDA:0,(anonymous_8)
DA:6,0
DA:10,0
DA:11,0
DA:15,0
DA:16,0
DA:18,0
DA:19,0
DA:20,0
DA:21,0
DA:23,0
DA:24,0
DA:26,0
DA:27,0
DA:30,0
DA:31,0
DA:36,0
DA:37,0
DA:38,0
DA:40,0
DA:41,0
DA:43,0
DA:44,0
DA:45,0
DA:48,0
DA:49,0
DA:54,0
DA:56,0
DA:57,0
DA:59,0
DA:60,0
DA:63,0
DA:64,0
DA:65,0
DA:66,0
DA:70,0
DA:76,0
DA:77,0
DA:79,0
DA:80,0
DA:85,0
DA:86,0
DA:87,0
DA:93,0
DA:94,0
DA:96,0
DA:97,0
DA:103,0
DA:104,0
DA:105,0
DA:115,0
DA:119,0
DA:132,0
DA:133,0
DA:137,0
DA:138,0
LF:55
LH:0
BRDA:40,0,0,0
BRDA:40,0,1,0
BRDA:59,1,0,0
BRDA:59,1,1,0
BRDA:64,2,0,0
BRDA:64,2,1,0
BRDA:110,3,0,0
BRDA:110,3,1,0
BRDA:126,4,0,0
BRDA:126,4,1,0
BRDA:127,5,0,0
BRDA:127,5,1,0
BRDA:132,6,0,0
BRDA:132,6,1,0
BRDA:137,7,0,0
BRDA:137,7,1,0
BRF:16
BRH:0
end_of_record
TN:
SF:public_html\js\managePayments.js
FN:16,loadPayments
FN:39,(anonymous_1)
FN:68,viewPaymentDetails
FN:98,confirmPayment
FN:136,rejectPayment
FN:181,filterPaymentsByDate
FN:217,(anonymous_6)
FN:245,isValidPayment
FN:263,createPaymentElement
FN:286,createPaymentDetailsHTML
FN:292,(anonymous_10)
FNF:11
FNH:0
FNDA:0,loadPayments
FNDA:0,(anonymous_1)
FNDA:0,viewPaymentDetails
FNDA:0,confirmPayment
FNDA:0,rejectPayment
FNDA:0,filterPaymentsByDate
FNDA:0,(anonymous_6)
FNDA:0,isValidPayment
FNDA:0,createPaymentElement
FNDA:0,createPaymentDetailsHTML
FNDA:0,(anonymous_10)
DA:7,0
DA:11,0
DA:12,0
DA:13,0
DA:17,0
DA:18,0
DA:19,0
DA:20,0
DA:23,0
DA:25,0
DA:26,0
DA:27,0
DA:30,0
DA:31,0
DA:32,0
DA:34,0
DA:35,0
DA:38,0
DA:39,0
DA:40,0
DA:42,0
DA:43,0
DA:45,0
DA:46,0
DA:47,0
DA:48,0
DA:49,0
DA:51,0
DA:54,0
DA:58,0
DA:59,0
DA:62,0
DA:63,0
DA:64,0
DA:69,0
DA:70,0
DA:71,0
DA:74,0
DA:75,0
DA:76,0
DA:79,0
DA:80,0
DA:81,0
DA:84,0
DA:85,0
DA:86,0
DA:89,0
DA:90,0
DA:91,0
DA:93,0
DA:94,0
DA:99,0
DA:100,0
DA:101,0
DA:104,0
DA:105,0
DA:107,0
DA:108,0
DA:111,0
DA:112,0
DA:113,0
DA:114,0
DA:117,0
DA:118,0
DA:119,0
DA:122,0
DA:128,0
DA:129,0
DA:131,0
DA:132,0
DA:137,0
DA:138,0
DA:139,0
DA:142,0
DA:143,0
DA:145,0
DA:146,0
DA:149,0
DA:150,0
DA:151,0
DA:152,0
DA:155,0
DA:156,0
DA:157,0
DA:160,0
DA:161,0
DA:162,0
DA:163,0
DA:166,0
DA:173,0
DA:174,0
DA:176,0
DA:177,0
DA:182,0
DA:183,0
DA:184,0
DA:185,0
DA:188,0
DA:190,0
DA:191,0
DA:192,0
DA:195,0
DA:196,0
DA:197,0
DA:199,0
DA:200,0
DA:203,0
DA:204,0
DA:211,0
DA:212,0
DA:213,0
DA:216,0
DA:217,0
DA:218,0
DA:220,0
DA:221,0
DA:223,0
DA:224,0
DA:225,0
DA:226,0
DA:227,0
DA:229,0
DA:232,0
DA:236,0
DA:237,0
DA:240,0
DA:241,0
DA:246,0
DA:249,0
DA:250,0
DA:251,0
DA:252,0
DA:255,0
DA:256,0
DA:257,0
DA:258,0
DA:260,0
DA:264,0
DA:265,0
DA:266,0
DA:269,0
DA:270,0
DA:271,0
DA:283,0
DA:287,0
DA:288,0
DA:289,0
DA:292,0
DA:293,0
DA:294,0
DA:296,0
DA:299,0
DA:316,0
DA:317,0
LF:154
LH:0
BRDA:18,0,0,0
BRDA:18,0,1,0
BRDA:26,1,0,0
BRDA:26,1,1,0
BRDA:34,2,0,0
BRDA:34,2,1,0
BRDA:34,3,0,0
BRDA:34,3,1,0
BRDA:40,4,0,0
BRDA:40,4,1,0
BRDA:43,5,0,0
BRDA:43,5,1,0
BRDA:46,6,0,0
BRDA:46,6,1,0
BRDA:58,7,0,0
BRDA:58,7,1,0
BRDA:70,8,0,0
BRDA:70,8,1,0
BRDA:75,9,0,0
BRDA:75,9,1,0
BRDA:80,10,0,0
BRDA:80,10,1,0
BRDA:85,11,0,0
BRDA:85,11,1,0
BRDA:100,12,0,0
BRDA:100,12,1,0
BRDA:107,13,0,0
BRDA:107,13,1,0
BRDA:112,14,0,0
BRDA:112,14,1,0
BRDA:117,15,0,0
BRDA:117,15,1,0
BRDA:138,16,0,0
BRDA:138,16,1,0
BRDA:145,17,0,0
BRDA:145,17,1,0
BRDA:150,18,0,0
BRDA:150,18,1,0
BRDA:155,19,0,0
BRDA:155,19,1,0
BRDA:161,20,0,0
BRDA:161,20,1,0
BRDA:161,21,0,0
BRDA:161,21,1,0
BRDA:183,22,0,0
BRDA:183,22,1,0
BRDA:191,23,0,0
BRDA:191,23,1,0
BRDA:191,24,0,0
BRDA:191,24,1,0
BRDA:199,25,0,0
BRDA:199,25,1,0
BRDA:199,26,0,0
BRDA:199,26,1,0
BRDA:212,27,0,0
BRDA:212,27,1,0
BRDA:212,28,0,0
BRDA:212,28,1,0
BRDA:218,29,0,0
BRDA:218,29,1,0
BRDA:221,30,0,0
BRDA:221,30,1,0
BRDA:224,31,0,0
BRDA:224,31,1,0
BRDA:236,32,0,0
BRDA:236,32,1,0
BRDA:246,33,0,0
BRDA:246,33,1,0
BRDA:246,34,0,0
BRDA:246,34,1,0
BRDA:249,35,0,0
BRDA:249,35,1,0
BRDA:249,36,0,0
BRDA:249,36,1,0
BRDA:249,36,2,0
BRDA:250,37,0,0
BRDA:250,37,1,0
BRDA:250,38,0,0
BRDA:250,38,1,0
BRDA:250,38,2,0
BRDA:251,39,0,0
BRDA:251,39,1,0
BRDA:251,40,0,0
BRDA:251,40,1,0
BRDA:251,40,2,0
BRDA:252,41,0,0
BRDA:252,41,1,0
BRDA:252,42,0,0
BRDA:252,42,1,0
BRDA:252,42,2,0
BRDA:255,43,0,0
BRDA:255,43,1,0
BRDA:255,44,0,0
BRDA:255,44,1,0
BRDA:256,45,0,0
BRDA:256,45,1,0
BRDA:256,46,0,0
BRDA:256,46,1,0
BRDA:257,47,0,0
BRDA:257,47,1,0
BRDA:257,48,0,0
BRDA:257,48,1,0
BRDA:257,48,2,0
BRDA:258,49,0,0
BRDA:258,49,1,0
BRDA:258,50,0,0
BRDA:258,50,1,0
BRDA:258,50,2,0
BRDA:264,51,0,0
BRDA:264,51,1,0
BRDA:264,52,0,0
BRDA:264,52,1,0
BRDA:273,53,0,0
BRDA:273,53,1,0
BRDA:274,54,0,0
BRDA:274,54,1,0
BRDA:276,55,0,0
BRDA:276,55,1,0
BRDA:278,56,0,0
BRDA:278,56,1,0
BRDA:287,57,0,0
BRDA:287,57,1,0
BRDA:287,58,0,0
BRDA:287,58,1,0
BRDA:293,59,0,0
BRDA:293,59,1,0
BRDA:293,60,0,0
BRDA:293,60,1,0
BRDA:293,60,2,0
BRDA:301,61,0,0
BRDA:301,61,1,0
BRDA:302,62,0,0
BRDA:302,62,1,0
BRDA:304,63,0,0
BRDA:304,63,1,0
BRDA:305,64,0,0
BRDA:305,64,1,0
BRDA:306,65,0,0
BRDA:306,65,1,0
BRDA:307,66,0,0
BRDA:307,66,1,0
BRDA:308,67,0,0
BRDA:308,67,1,0
BRDA:310,68,0,0
BRDA:310,68,1,0
BRDA:316,69,0,0
BRDA:316,69,1,0
BRF:147
BRH:0
end_of_record
TN:
SF:public_html\js\manageRequest.js
FN:35,getFileType
FN:49,openDocumentModal
FN:71,closeModal
FN:77,notifyUser
FN:92,approveRequest
FN:111,(anonymous_5)
FN:136,denyRequest
FN:164,initializeRequestList
FN:170,(anonymous_8)
FN:174,(anonymous_9)
FN:189,createRequestRow
FN:216,setupBeneficiaries
FN:226,(anonymous_12)
FN:241,setupDocuments
FN:272,setupEventListeners
FN:277,(anonymous_15)
FN:289,(anonymous_16)
FN:298,(anonymous_17)
FN:317,(anonymous_18)
FN:327,(anonymous_19)
FN:335,(anonymous_20)
FNF:21
FNH:0
FNDA:0,getFileType
FNDA:0,openDocumentModal
FNDA:0,closeModal
FNDA:0,notifyUser
FNDA:0,approveRequest
FNDA:0,(anonymous_5)
FNDA:0,denyRequest
FNDA:0,initializeRequestList
FNDA:0,(anonymous_8)
FNDA:0,(anonymous_9)
FNDA:0,createRequestRow
FNDA:0,setupBeneficiaries
FNDA:0,(anonymous_12)
FNDA:0,setupDocuments
FNDA:0,setupEventListeners
FNDA:0,(anonymous_15)
FNDA:0,(anonymous_16)
FNDA:0,(anonymous_17)
FNDA:0,(anonymous_18)
FNDA:0,(anonymous_19)
FNDA:0,(anonymous_20)
DA:8,0
DA:20,0
DA:21,0
DA:23,0
DA:24,0
DA:26,0
DA:30,0
DA:31,0
DA:32,0
DA:36,0
DA:37,0
DA:38,0
DA:39,0
DA:40,0
DA:41,0
DA:42,0
DA:44,0
DA:45,0
DA:50,0
DA:51,0
DA:52,0
DA:54,0
DA:55,0
DA:56,0
DA:57,0
DA:58,0
DA:59,0
DA:60,0
DA:61,0
DA:63,0
DA:64,0
DA:65,0
DA:68,0
DA:72,0
DA:73,0
DA:78,0
DA:79,0
DA:80,0
DA:86,0
DA:88,0
DA:93,0
DA:94,0
DA:95,0
DA:98,0
DA:99,0
DA:100,0
DA:102,0
DA:103,0
DA:104,0
DA:107,0
DA:110,0
DA:111,0
DA:113,0
DA:114,0
DA:115,0
DA:119,0
DA:126,0
DA:128,0
DA:129,0
DA:131,0
DA:132,0
DA:137,0
DA:138,0
DA:139,0
DA:142,0
DA:143,0
DA:145,0
DA:153,0
DA:155,0
DA:156,0
DA:158,0
DA:159,0
DA:165,0
DA:166,0
DA:167,0
DA:170,0
DA:171,0
DA:172,0
DA:174,0
DA:175,0
DA:176,0
DA:177,0
DA:181,0
DA:182,0
DA:184,0
DA:185,0
DA:190,0
DA:191,0
DA:192,0
DA:194,0
DA:212,0
DA:213,0
DA:217,0
DA:218,0
DA:220,0
DA:221,0
DA:222,0
DA:225,0
DA:226,0
DA:227,0
DA:236,0
DA:238,0
DA:242,0
DA:243,0
DA:245,0
DA:246,0
DA:247,0
DA:250,0
DA:251,0
DA:252,0
DA:266,0
DA:268,0
DA:274,0
DA:275,0
DA:277,0
DA:278,0
DA:279,0
DA:280,0
DA:281,0
DA:286,0
DA:287,0
DA:289,0
DA:290,0
DA:291,0
DA:292,0
DA:293,0
DA:298,0
DA:299,0
DA:300,0
DA:301,0
DA:303,0
DA:304,0
DA:305,0
DA:308,0
DA:310,0
DA:311,0
DA:317,0
DA:318,0
DA:319,0
DA:320,0
DA:321,0
DA:326,0
DA:327,0
DA:328,0
DA:329,0
DA:334,0
DA:335,0
DA:336,0
DA:337,0
DA:338,0
LF:150
LH:0
BRDA:23,0,0,0
BRDA:23,0,1,0
BRDA:54,1,0,0
BRDA:54,1,1,0
BRDA:58,2,0,0
BRDA:58,2,1,0
BRDA:58,3,0,0
BRDA:58,3,1,0
BRDA:93,4,0,0
BRDA:93,4,1,0
BRDA:93,5,0,0
BRDA:93,5,1,0
BRDA:102,6,0,0
BRDA:102,6,1,0
BRDA:110,7,0,0
BRDA:110,7,1,0
BRDA:113,8,0,0
BRDA:113,8,1,0
BRDA:137,9,0,0
BRDA:137,9,1,0
BRDA:137,10,0,0
BRDA:137,10,1,0
BRDA:137,10,2,0
BRDA:176,11,0,0
BRDA:176,11,1,0
BRDA:218,12,0,0
BRDA:218,12,1,0
BRDA:220,13,0,0
BRDA:220,13,1,0
BRDA:243,14,0,0
BRDA:243,14,1,0
BRDA:245,15,0,0
BRDA:245,15,1,0
BRDA:260,16,0,0
BRDA:260,16,1,0
BRDA:279,17,0,0
BRDA:279,17,1,0
BRDA:280,18,0,0
BRDA:280,18,1,0
BRDA:291,19,0,0
BRDA:291,19,1,0
BRDA:292,20,0,0
BRDA:292,20,1,0
BRDA:299,21,0,0
BRDA:299,21,1,0
BRDA:318,22,0,0
BRDA:318,22,1,0
BRDA:328,23,0,0
BRDA:328,23,1,0
BRDA:337,24,0,0
BRDA:337,24,1,0
BRDA:337,25,0,0
BRDA:337,25,1,0
BRF:53
BRH:0
end_of_record
